[ 2015-08-13T11:48:41+08:00 ] 127.0.0.1 /micro_business/Admin
INFO: [ app_init ] --START--
INFO: Run Behavior\BuildLiteBehavior [ RunTime:0.000000s ]
INFO: [ app_init ] --END-- [ RunTime:0.001000s ]
INFO: [ app_begin ] --START--
INFO: Run Behavior\ReadHtmlCacheBehavior [ RunTime:0.001000s ]
INFO: [ app_begin ] --END-- [ RunTime:0.001000s ]
ERR: 非法操作:index

[ 2015-08-13T11:48:52+08:00 ] 127.0.0.1 /micro_business/Admin
INFO: [ app_init ] --START--
INFO: Run Behavior\BuildLiteBehavior [ RunTime:0.000000s ]
INFO: [ app_init ] --END-- [ RunTime:0.000000s ]
INFO: [ app_begin ] --START--
INFO: Run Behavior\ReadHtmlCacheBehavior [ RunTime:0.001000s ]
INFO: [ app_begin ] --END-- [ RunTime:0.001000s ]
INFO: [ app_end ] --START--
INFO: Run Behavior\ShowPageTraceBehavior [ RunTime:0.001000s ]
INFO: [ app_end ] --END-- [ RunTime:0.001000s ]

[ 2015-08-13T11:52:35+08:00 ] 127.0.0.1 /micro_business/Admin
INFO: [ app_init ] --START--
INFO: Run Behavior\BuildLiteBehavior [ RunTime:0.000000s ]
INFO: [ app_init ] --END-- [ RunTime:0.000000s ]
INFO: [ app_begin ] --START--
INFO: Run Behavior\ReadHtmlCacheBehavior [ RunTime:0.001000s ]
INFO: [ app_begin ] --END-- [ RunTime:0.001000s ]
INFO: [ app_end ] --START--
INFO: Run Behavior\ShowPageTraceBehavior [ RunTime:0.000000s ]
INFO: [ app_end ] --END-- [ RunTime:0.000000s ]

[ 2015-08-13T11:53:05+08:00 ] 127.0.0.1 /micro_business/Admin
INFO: [ app_init ] --START--
INFO: Run Behavior\BuildLiteBehavior [ RunTime:0.000000s ]
INFO: [ app_init ] --END-- [ RunTime:0.001000s ]
INFO: [ app_begin ] --START--
INFO: Run Behavior\ReadHtmlCacheBehavior [ RunTime:0.000000s ]
INFO: [ app_begin ] --END-- [ RunTime:0.000000s ]
ERR: 无法加载数据库驱动: Think\Db\Driver\

[ 2015-08-13T11:53:13+08:00 ] 127.0.0.1 /micro_business/Admin
INFO: [ app_init ] --START--
INFO: Run Behavior\BuildLiteBehavior [ RunTime:0.000000s ]
INFO: [ app_init ] --END-- [ RunTime:0.001000s ]
INFO: [ app_begin ] --START--
INFO: Run Behavior\ReadHtmlCacheBehavior [ RunTime:0.001000s ]
INFO: [ app_begin ] --END-- [ RunTime:0.001000s ]
ERR: 无法加载数据库驱动: Think\Db\Driver\

[ 2015-08-13T11:54:41+08:00 ] 127.0.0.1 /micro_business/Admin
INFO: [ app_init ] --START--
INFO: Run Behavior\BuildLiteBehavior [ RunTime:0.000000s ]
INFO: [ app_init ] --END-- [ RunTime:0.001000s ]
INFO: [ app_begin ] --START--
INFO: Run Behavior\ReadHtmlCacheBehavior [ RunTime:0.001000s ]
INFO: [ app_begin ] --END-- [ RunTime:0.001000s ]
INFO: [ app_end ] --START--
INFO: Run Behavior\ShowPageTraceBehavior [ RunTime:0.000000s ]
INFO: [ app_end ] --END-- [ RunTime:0.000000s ]

[ 2015-08-13T11:56:19+08:00 ] 127.0.0.1 /micro_business/Admin
INFO: [ app_init ] --START--
INFO: Run Behavior\BuildLiteBehavior [ RunTime:0.000000s ]
INFO: [ app_init ] --END-- [ RunTime:0.001000s ]
INFO: [ app_begin ] --START--
INFO: Run Behavior\ReadHtmlCacheBehavior [ RunTime:0.001000s ]
INFO: [ app_begin ] --END-- [ RunTime:0.001000s ]
INFO: [ app_end ] --START--
INFO: Run Behavior\ShowPageTraceBehavior [ RunTime:0.000000s ]
INFO: [ app_end ] --END-- [ RunTime:0.001000s ]

[ 2015-08-13T11:56:22+08:00 ] 127.0.0.1 /micro_business/Admin
INFO: [ app_init ] --START--
INFO: Run Behavior\BuildLiteBehavior [ RunTime:0.000000s ]
INFO: [ app_init ] --END-- [ RunTime:0.001000s ]
INFO: [ app_begin ] --START--
INFO: Run Behavior\ReadHtmlCacheBehavior [ RunTime:0.000000s ]
INFO: [ app_begin ] --END-- [ RunTime:0.000000s ]
INFO: [ app_end ] --START--
INFO: Run Behavior\ShowPageTraceBehavior [ RunTime:0.001000s ]
INFO: [ app_end ] --END-- [ RunTime:0.001000s ]

[ 2015-08-13T11:56:29+08:00 ] 127.0.0.1 /micro_business/Admin
INFO: [ app_init ] --START--
INFO: Run Behavior\BuildLiteBehavior [ RunTime:0.000000s ]
INFO: [ app_init ] --END-- [ RunTime:0.001000s ]
INFO: [ app_begin ] --START--
INFO: Run Behavior\ReadHtmlCacheBehavior [ RunTime:0.001000s ]
INFO: [ app_begin ] --END-- [ RunTime:0.001000s ]
SQL: SHOW COLUMNS FROM `think_agent_class` [ RunTime:0.0030s ]
INFO: [ app_end ] --START--
INFO: Run Behavior\ShowPageTraceBehavior [ RunTime:0.001000s ]
INFO: [ app_end ] --END-- [ RunTime:0.001000s ]

[ 2015-08-13T11:56:35+08:00 ] 127.0.0.1 /micro_business/Admin
INFO: [ app_init ] --START--
INFO: Run Behavior\BuildLiteBehavior [ RunTime:0.000000s ]
INFO: [ app_init ] --END-- [ RunTime:0.000000s ]
INFO: [ app_begin ] --START--
INFO: Run Behavior\ReadHtmlCacheBehavior [ RunTime:0.001000s ]
INFO: [ app_begin ] --END-- [ RunTime:0.001000s ]
SQL: SHOW COLUMNS FROM `think_agent_class` [ RunTime:0.0020s ]
ERR: Think\Model:_list方法不存在！

[ 2015-08-13T12:00:36+08:00 ] 127.0.0.1 /micro_business/Admin
INFO: [ app_init ] --START--
INFO: Run Behavior\BuildLiteBehavior [ RunTime:0.000000s ]
INFO: [ app_init ] --END-- [ RunTime:0.001000s ]
INFO: [ app_begin ] --START--
INFO: Run Behavior\ReadHtmlCacheBehavior [ RunTime:0.001000s ]
INFO: [ app_begin ] --END-- [ RunTime:0.001000s ]

[ 2015-08-13T12:00:44+08:00 ] 127.0.0.1 /micro_business/Admin
INFO: [ app_init ] --START--
INFO: Run Behavior\BuildLiteBehavior [ RunTime:0.000000s ]
INFO: [ app_init ] --END-- [ RunTime:0.000000s ]
INFO: [ app_begin ] --START--
INFO: Run Behavior\ReadHtmlCacheBehavior [ RunTime:0.001000s ]
INFO: [ app_begin ] --END-- [ RunTime:0.001000s ]
SQL: SHOW COLUMNS FROM `think_agent_class` [ RunTime:0.0020s ]
INFO: [ app_end ] --START--
INFO: Run Behavior\ShowPageTraceBehavior [ RunTime:0.001000s ]
INFO: [ app_end ] --END-- [ RunTime:0.001000s ]

[ 2015-08-13T16:02:38+08:00 ] 127.0.0.1 /micro_business/Admin
INFO: [ app_init ] --START--
INFO: Run Behavior\BuildLiteBehavior [ RunTime:0.000000s ]
INFO: [ app_init ] --END-- [ RunTime:0.000000s ]
INFO: [ app_begin ] --START--
INFO: Run Behavior\ReadHtmlCacheBehavior [ RunTime:0.000000s ]
INFO: [ app_begin ] --END-- [ RunTime:0.001000s ]

[ 2015-08-13T16:57:31+08:00 ] 127.0.0.1 /micro_business/Admin
INFO: [ app_init ] --START--
INFO: Run Behavior\BuildLiteBehavior [ RunTime:0.000000s ]
INFO: [ app_init ] --END-- [ RunTime:0.000000s ]
INFO: [ app_begin ] --START--
INFO: Run Behavior\ReadHtmlCacheBehavior [ RunTime:0.001000s ]
INFO: [ app_begin ] --END-- [ RunTime:0.001000s ]
NOTIC: [8] Undefined offset: 0 E:\www\micro_business\App\Common\Tools\ArrayHelper.class.php 第 9 行.
NOTIC: [8] Undefined variable: new_key E:\www\micro_business\App\Common\Tools\ArrayHelper.class.php 第 9 行.
NOTIC: [8] Undefined offset: 1 E:\www\micro_business\App\Common\Tools\ArrayHelper.class.php 第 9 行.
NOTIC: [8] Undefined variable: new_key E:\www\micro_business\App\Common\Tools\ArrayHelper.class.php 第 9 行.
NOTIC: [8] Undefined offset: 2 E:\www\micro_business\App\Common\Tools\ArrayHelper.class.php 第 9 行.
NOTIC: [8] Undefined variable: new_key E:\www\micro_business\App\Common\Tools\ArrayHelper.class.php 第 9 行.

[ 2015-08-13T16:57:40+08:00 ] 127.0.0.1 /micro_business/Admin
INFO: [ app_init ] --START--
INFO: Run Behavior\BuildLiteBehavior [ RunTime:0.000000s ]
INFO: [ app_init ] --END-- [ RunTime:0.001000s ]
INFO: [ app_begin ] --START--
INFO: Run Behavior\ReadHtmlCacheBehavior [ RunTime:0.000000s ]
INFO: [ app_begin ] --END-- [ RunTime:0.000000s ]
NOTIC: [8] Undefined offset: 0 E:\www\micro_business\App\Common\Tools\ArrayHelper.class.php 第 9 行.
NOTIC: [8] Undefined variable: new_key E:\www\micro_business\App\Common\Tools\ArrayHelper.class.php 第 9 行.
NOTIC: [8] Undefined offset: 1 E:\www\micro_business\App\Common\Tools\ArrayHelper.class.php 第 9 行.
NOTIC: [8] Undefined variable: new_key E:\www\micro_business\App\Common\Tools\ArrayHelper.class.php 第 9 行.
NOTIC: [8] Undefined offset: 2 E:\www\micro_business\App\Common\Tools\ArrayHelper.class.php 第 9 行.
NOTIC: [8] Undefined variable: new_key E:\www\micro_business\App\Common\Tools\ArrayHelper.class.php 第 9 行.

[ 2015-08-13T16:57:46+08:00 ] 127.0.0.1 /micro_business/Admin
INFO: [ app_init ] --START--
INFO: Run Behavior\BuildLiteBehavior [ RunTime:0.000000s ]
INFO: [ app_init ] --END-- [ RunTime:0.000000s ]
INFO: [ app_begin ] --START--
INFO: Run Behavior\ReadHtmlCacheBehavior [ RunTime:0.000000s ]
INFO: [ app_begin ] --END-- [ RunTime:0.000000s ]
NOTIC: [8] Undefined offset: 0 E:\www\micro_business\App\Common\Tools\ArrayHelper.class.php 第 9 行.
NOTIC: [8] Undefined variable: new_key E:\www\micro_business\App\Common\Tools\ArrayHelper.class.php 第 9 行.
NOTIC: [8] Undefined offset: 1 E:\www\micro_business\App\Common\Tools\ArrayHelper.class.php 第 9 行.
NOTIC: [8] Undefined variable: new_key E:\www\micro_business\App\Common\Tools\ArrayHelper.class.php 第 9 行.
NOTIC: [8] Undefined offset: 2 E:\www\micro_business\App\Common\Tools\ArrayHelper.class.php 第 9 行.
NOTIC: [8] Undefined variable: new_key E:\www\micro_business\App\Common\Tools\ArrayHelper.class.php 第 9 行.

[ 2015-08-13T16:57:59+08:00 ] 127.0.0.1 /micro_business/Admin
INFO: [ app_init ] --START--
INFO: Run Behavior\BuildLiteBehavior [ RunTime:0.000000s ]
INFO: [ app_init ] --END-- [ RunTime:0.001000s ]
INFO: [ app_begin ] --START--
INFO: Run Behavior\ReadHtmlCacheBehavior [ RunTime:0.001000s ]
INFO: [ app_begin ] --END-- [ RunTime:0.001000s ]
NOTIC: [8] Undefined offset: 0 E:\www\micro_business\App\Common\Tools\ArrayHelper.class.php 第 9 行.
NOTIC: [8] Undefined variable: new_key E:\www\micro_business\App\Common\Tools\ArrayHelper.class.php 第 9 行.
NOTIC: [8] Undefined offset: 1 E:\www\micro_business\App\Common\Tools\ArrayHelper.class.php 第 9 行.
NOTIC: [8] Undefined variable: new_key E:\www\micro_business\App\Common\Tools\ArrayHelper.class.php 第 9 行.
NOTIC: [8] Undefined offset: 2 E:\www\micro_business\App\Common\Tools\ArrayHelper.class.php 第 9 行.
NOTIC: [8] Undefined variable: new_key E:\www\micro_business\App\Common\Tools\ArrayHelper.class.php 第 9 行.

[ 2015-08-13T16:58:18+08:00 ] 127.0.0.1 /micro_business/Admin
INFO: [ app_init ] --START--
INFO: Run Behavior\BuildLiteBehavior [ RunTime:0.000000s ]
INFO: [ app_init ] --END-- [ RunTime:0.001000s ]
INFO: [ app_begin ] --START--
INFO: Run Behavior\ReadHtmlCacheBehavior [ RunTime:0.000000s ]
INFO: [ app_begin ] --END-- [ RunTime:0.001001s ]
NOTIC: [8] Undefined offset: 0 E:\www\micro_business\App\Common\Tools\ArrayHelper.class.php 第 11 行.
NOTIC: [8] Undefined variable: new_key E:\www\micro_business\App\Common\Tools\ArrayHelper.class.php 第 11 行.
NOTIC: [8] Undefined offset: 1 E:\www\micro_business\App\Common\Tools\ArrayHelper.class.php 第 11 行.
NOTIC: [8] Undefined variable: new_key E:\www\micro_business\App\Common\Tools\ArrayHelper.class.php 第 11 行.
NOTIC: [8] Undefined offset: 2 E:\www\micro_business\App\Common\Tools\ArrayHelper.class.php 第 11 行.
NOTIC: [8] Undefined variable: new_key E:\www\micro_business\App\Common\Tools\ArrayHelper.class.php 第 11 行.

[ 2015-08-13T16:58:26+08:00 ] 127.0.0.1 /micro_business/Admin
INFO: [ app_init ] --START--
INFO: Run Behavior\BuildLiteBehavior [ RunTime:0.000000s ]
INFO: [ app_init ] --END-- [ RunTime:0.000000s ]
INFO: [ app_begin ] --START--
INFO: Run Behavior\ReadHtmlCacheBehavior [ RunTime:0.001000s ]
INFO: [ app_begin ] --END-- [ RunTime:0.001000s ]
NOTIC: [8] Undefined offset: 0 E:\www\micro_business\App\Common\Tools\ArrayHelper.class.php 第 9 行.
NOTIC: [8] Undefined offset: 0 E:\www\micro_business\App\Common\Tools\ArrayHelper.class.php 第 10 行.
NOTIC: [8] Undefined variable: new_key E:\www\micro_business\App\Common\Tools\ArrayHelper.class.php 第 10 行.
NOTIC: [8] Undefined offset: 1 E:\www\micro_business\App\Common\Tools\ArrayHelper.class.php 第 9 行.
NOTIC: [8] Undefined offset: 1 E:\www\micro_business\App\Common\Tools\ArrayHelper.class.php 第 10 行.
NOTIC: [8] Undefined variable: new_key E:\www\micro_business\App\Common\Tools\ArrayHelper.class.php 第 10 行.
NOTIC: [8] Undefined offset: 2 E:\www\micro_business\App\Common\Tools\ArrayHelper.class.php 第 9 行.
NOTIC: [8] Undefined offset: 2 E:\www\micro_business\App\Common\Tools\ArrayHelper.class.php 第 10 行.
NOTIC: [8] Undefined variable: new_key E:\www\micro_business\App\Common\Tools\ArrayHelper.class.php 第 10 行.

[ 2015-08-13T16:58:35+08:00 ] 127.0.0.1 /micro_business/Admin
INFO: [ app_init ] --START--
INFO: Run Behavior\BuildLiteBehavior [ RunTime:0.000000s ]
INFO: [ app_init ] --END-- [ RunTime:0.001000s ]
INFO: [ app_begin ] --START--
INFO: Run Behavior\ReadHtmlCacheBehavior [ RunTime:0.001001s ]
INFO: [ app_begin ] --END-- [ RunTime:0.001001s ]
NOTIC: [8] Undefined variable: key E:\www\micro_business\App\Common\Tools\ArrayHelper.class.php 第 9 行.
NOTIC: [8] Undefined index:  E:\www\micro_business\App\Common\Tools\ArrayHelper.class.php 第 9 行.
NOTIC: [8] Undefined variable: new_key E:\www\micro_business\App\Common\Tools\ArrayHelper.class.php 第 9 行.
NOTIC: [8] Undefined variable: key E:\www\micro_business\App\Common\Tools\ArrayHelper.class.php 第 11 行.
NOTIC: [8] Undefined variable: key E:\www\micro_business\App\Common\Tools\ArrayHelper.class.php 第 9 行.
NOTIC: [8] Undefined index:  E:\www\micro_business\App\Common\Tools\ArrayHelper.class.php 第 9 行.
NOTIC: [8] Undefined variable: new_key E:\www\micro_business\App\Common\Tools\ArrayHelper.class.php 第 9 行.
NOTIC: [8] Undefined variable: key E:\www\micro_business\App\Common\Tools\ArrayHelper.class.php 第 11 行.
NOTIC: [8] Undefined variable: key E:\www\micro_business\App\Common\Tools\ArrayHelper.class.php 第 9 行.
NOTIC: [8] Undefined index:  E:\www\micro_business\App\Common\Tools\ArrayHelper.class.php 第 9 行.
NOTIC: [8] Undefined variable: new_key E:\www\micro_business\App\Common\Tools\ArrayHelper.class.php 第 9 行.
NOTIC: [8] Undefined variable: key E:\www\micro_business\App\Common\Tools\ArrayHelper.class.php 第 11 行.

[ 2015-08-13T16:58:41+08:00 ] 127.0.0.1 /micro_business/Admin
INFO: [ app_init ] --START--
INFO: Run Behavior\BuildLiteBehavior [ RunTime:0.000000s ]
INFO: [ app_init ] --END-- [ RunTime:0.001000s ]
INFO: [ app_begin ] --START--
INFO: Run Behavior\ReadHtmlCacheBehavior [ RunTime:0.001001s ]
INFO: [ app_begin ] --END-- [ RunTime:0.001001s ]
NOTIC: [8] Undefined variable: key E:\www\micro_business\App\Common\Tools\ArrayHelper.class.php 第 10 行.
NOTIC: [8] Undefined index:  E:\www\micro_business\App\Common\Tools\ArrayHelper.class.php 第 10 行.
NOTIC: [8] Undefined variable: new_key E:\www\micro_business\App\Common\Tools\ArrayHelper.class.php 第 10 行.
NOTIC: [8] Undefined variable: key E:\www\micro_business\App\Common\Tools\ArrayHelper.class.php 第 12 行.
NOTIC: [8] Undefined variable: key E:\www\micro_business\App\Common\Tools\ArrayHelper.class.php 第 10 行.
NOTIC: [8] Undefined index:  E:\www\micro_business\App\Common\Tools\ArrayHelper.class.php 第 10 行.
NOTIC: [8] Undefined variable: new_key E:\www\micro_business\App\Common\Tools\ArrayHelper.class.php 第 10 行.
NOTIC: [8] Undefined variable: key E:\www\micro_business\App\Common\Tools\ArrayHelper.class.php 第 12 行.
NOTIC: [8] Undefined variable: key E:\www\micro_business\App\Common\Tools\ArrayHelper.class.php 第 10 行.
NOTIC: [8] Undefined index:  E:\www\micro_business\App\Common\Tools\ArrayHelper.class.php 第 10 行.
NOTIC: [8] Undefined variable: new_key E:\www\micro_business\App\Common\Tools\ArrayHelper.class.php 第 10 行.
NOTIC: [8] Undefined variable: key E:\www\micro_business\App\Common\Tools\ArrayHelper.class.php 第 12 行.

[ 2015-08-13T16:58:47+08:00 ] 127.0.0.1 /micro_business/Admin
INFO: [ app_init ] --START--
INFO: Run Behavior\BuildLiteBehavior [ RunTime:0.000000s ]
INFO: [ app_init ] --END-- [ RunTime:0.001000s ]
INFO: [ app_begin ] --START--
INFO: Run Behavior\ReadHtmlCacheBehavior [ RunTime:0.001000s ]
INFO: [ app_begin ] --END-- [ RunTime:0.001000s ]
NOTIC: [8] Undefined variable: key E:\www\micro_business\App\Common\Tools\ArrayHelper.class.php 第 9 行.
NOTIC: [8] Undefined index:  E:\www\micro_business\App\Common\Tools\ArrayHelper.class.php 第 9 行.
NOTIC: [8] Undefined variable: key E:\www\micro_business\App\Common\Tools\ArrayHelper.class.php 第 10 行.
NOTIC: [8] Undefined index:  E:\www\micro_business\App\Common\Tools\ArrayHelper.class.php 第 10 行.
NOTIC: [8] Undefined variable: new_key E:\www\micro_business\App\Common\Tools\ArrayHelper.class.php 第 10 行.
NOTIC: [8] Undefined variable: key E:\www\micro_business\App\Common\Tools\ArrayHelper.class.php 第 12 行.
NOTIC: [8] Undefined variable: key E:\www\micro_business\App\Common\Tools\ArrayHelper.class.php 第 9 行.
NOTIC: [8] Undefined index:  E:\www\micro_business\App\Common\Tools\ArrayHelper.class.php 第 9 行.
NOTIC: [8] Undefined variable: key E:\www\micro_business\App\Common\Tools\ArrayHelper.class.php 第 10 行.
NOTIC: [8] Undefined index:  E:\www\micro_business\App\Common\Tools\ArrayHelper.class.php 第 10 行.
NOTIC: [8] Undefined variable: new_key E:\www\micro_business\App\Common\Tools\ArrayHelper.class.php 第 10 行.
NOTIC: [8] Undefined variable: key E:\www\micro_business\App\Common\Tools\ArrayHelper.class.php 第 12 行.
NOTIC: [8] Undefined variable: key E:\www\micro_business\App\Common\Tools\ArrayHelper.class.php 第 9 行.
NOTIC: [8] Undefined index:  E:\www\micro_business\App\Common\Tools\ArrayHelper.class.php 第 9 行.
NOTIC: [8] Undefined variable: key E:\www\micro_business\App\Common\Tools\ArrayHelper.class.php 第 10 行.
NOTIC: [8] Undefined index:  E:\www\micro_business\App\Common\Tools\ArrayHelper.class.php 第 10 行.
NOTIC: [8] Undefined variable: new_key E:\www\micro_business\App\Common\Tools\ArrayHelper.class.php 第 10 行.
NOTIC: [8] Undefined variable: key E:\www\micro_business\App\Common\Tools\ArrayHelper.class.php 第 12 行.

[ 2015-08-13T16:58:56+08:00 ] 127.0.0.1 /micro_business/Admin
INFO: [ app_init ] --START--
INFO: Run Behavior\BuildLiteBehavior [ RunTime:0.000000s ]
INFO: [ app_init ] --END-- [ RunTime:0.000000s ]
INFO: [ app_begin ] --START--
INFO: Run Behavior\ReadHtmlCacheBehavior [ RunTime:0.001000s ]
INFO: [ app_begin ] --END-- [ RunTime:0.001000s ]
NOTIC: [8] Undefined variable: key E:\www\micro_business\App\Common\Tools\ArrayHelper.class.php 第 10 行.
NOTIC: [8] Undefined index:  E:\www\micro_business\App\Common\Tools\ArrayHelper.class.php 第 10 行.
NOTIC: [8] Undefined variable: key E:\www\micro_business\App\Common\Tools\ArrayHelper.class.php 第 11 行.
NOTIC: [8] Undefined index:  E:\www\micro_business\App\Common\Tools\ArrayHelper.class.php 第 11 行.
NOTIC: [8] Undefined variable: new_key E:\www\micro_business\App\Common\Tools\ArrayHelper.class.php 第 11 行.
NOTIC: [8] Undefined variable: key E:\www\micro_business\App\Common\Tools\ArrayHelper.class.php 第 13 行.
NOTIC: [8] Undefined variable: key E:\www\micro_business\App\Common\Tools\ArrayHelper.class.php 第 10 行.
NOTIC: [8] Undefined index:  E:\www\micro_business\App\Common\Tools\ArrayHelper.class.php 第 10 行.
NOTIC: [8] Undefined variable: key E:\www\micro_business\App\Common\Tools\ArrayHelper.class.php 第 11 行.
NOTIC: [8] Undefined index:  E:\www\micro_business\App\Common\Tools\ArrayHelper.class.php 第 11 行.
NOTIC: [8] Undefined variable: new_key E:\www\micro_business\App\Common\Tools\ArrayHelper.class.php 第 11 行.
NOTIC: [8] Undefined variable: key E:\www\micro_business\App\Common\Tools\ArrayHelper.class.php 第 13 行.
NOTIC: [8] Undefined variable: key E:\www\micro_business\App\Common\Tools\ArrayHelper.class.php 第 10 行.
NOTIC: [8] Undefined index:  E:\www\micro_business\App\Common\Tools\ArrayHelper.class.php 第 10 行.
NOTIC: [8] Undefined variable: key E:\www\micro_business\App\Common\Tools\ArrayHelper.class.php 第 11 行.
NOTIC: [8] Undefined index:  E:\www\micro_business\App\Common\Tools\ArrayHelper.class.php 第 11 行.
NOTIC: [8] Undefined variable: new_key E:\www\micro_business\App\Common\Tools\ArrayHelper.class.php 第 11 行.
NOTIC: [8] Undefined variable: key E:\www\micro_business\App\Common\Tools\ArrayHelper.class.php 第 13 行.

[ 2015-08-13T16:59:00+08:00 ] 127.0.0.1 /micro_business/Admin
INFO: [ app_init ] --START--
INFO: Run Behavior\BuildLiteBehavior [ RunTime:0.000000s ]
INFO: [ app_init ] --END-- [ RunTime:0.000000s ]
INFO: [ app_begin ] --START--
INFO: Run Behavior\ReadHtmlCacheBehavior [ RunTime:0.001000s ]
INFO: [ app_begin ] --END-- [ RunTime:0.001000s ]
NOTIC: [8] Undefined variable: key E:\www\micro_business\App\Common\Tools\ArrayHelper.class.php 第 9 行.
NOTIC: [8] Undefined index:  E:\www\micro_business\App\Common\Tools\ArrayHelper.class.php 第 9 行.
NOTIC: [8] Undefined variable: key E:\www\micro_business\App\Common\Tools\ArrayHelper.class.php 第 10 行.
NOTIC: [8] Undefined index:  E:\www\micro_business\App\Common\Tools\ArrayHelper.class.php 第 10 行.
NOTIC: [8] Undefined variable: new_key E:\www\micro_business\App\Common\Tools\ArrayHelper.class.php 第 10 行.
NOTIC: [8] Undefined variable: key E:\www\micro_business\App\Common\Tools\ArrayHelper.class.php 第 12 行.
NOTIC: [8] Undefined variable: key E:\www\micro_business\App\Common\Tools\ArrayHelper.class.php 第 9 行.
NOTIC: [8] Undefined index:  E:\www\micro_business\App\Common\Tools\ArrayHelper.class.php 第 9 行.
NOTIC: [8] Undefined variable: key E:\www\micro_business\App\Common\Tools\ArrayHelper.class.php 第 10 行.
NOTIC: [8] Undefined index:  E:\www\micro_business\App\Common\Tools\ArrayHelper.class.php 第 10 行.
NOTIC: [8] Undefined variable: new_key E:\www\micro_business\App\Common\Tools\ArrayHelper.class.php 第 10 行.
NOTIC: [8] Undefined variable: key E:\www\micro_business\App\Common\Tools\ArrayHelper.class.php 第 12 行.
NOTIC: [8] Undefined variable: key E:\www\micro_business\App\Common\Tools\ArrayHelper.class.php 第 9 行.
NOTIC: [8] Undefined index:  E:\www\micro_business\App\Common\Tools\ArrayHelper.class.php 第 9 行.
NOTIC: [8] Undefined variable: key E:\www\micro_business\App\Common\Tools\ArrayHelper.class.php 第 10 行.
NOTIC: [8] Undefined index:  E:\www\micro_business\App\Common\Tools\ArrayHelper.class.php 第 10 行.
NOTIC: [8] Undefined variable: new_key E:\www\micro_business\App\Common\Tools\ArrayHelper.class.php 第 10 行.
NOTIC: [8] Undefined variable: key E:\www\micro_business\App\Common\Tools\ArrayHelper.class.php 第 12 行.

[ 2015-08-13T16:59:14+08:00 ] 127.0.0.1 /micro_business/Admin
INFO: [ app_init ] --START--
INFO: Run Behavior\BuildLiteBehavior [ RunTime:0.000000s ]
INFO: [ app_init ] --END-- [ RunTime:0.001001s ]
INFO: [ app_begin ] --START--
INFO: Run Behavior\ReadHtmlCacheBehavior [ RunTime:0.001000s ]
INFO: [ app_begin ] --END-- [ RunTime:0.001000s ]
NOTIC: [8] Undefined offset: 0 E:\www\micro_business\App\Common\Tools\ArrayHelper.class.php 第 10 行.
NOTIC: [8] Undefined variable: new_key E:\www\micro_business\App\Common\Tools\ArrayHelper.class.php 第 10 行.
NOTIC: [8] Undefined offset: 1 E:\www\micro_business\App\Common\Tools\ArrayHelper.class.php 第 10 行.
NOTIC: [8] Undefined variable: new_key E:\www\micro_business\App\Common\Tools\ArrayHelper.class.php 第 10 行.
NOTIC: [8] Undefined offset: 2 E:\www\micro_business\App\Common\Tools\ArrayHelper.class.php 第 10 行.
NOTIC: [8] Undefined variable: new_key E:\www\micro_business\App\Common\Tools\ArrayHelper.class.php 第 10 行.

[ 2015-08-13T17:00:08+08:00 ] 127.0.0.1 /micro_business/Admin
INFO: [ app_init ] --START--
INFO: Run Behavior\BuildLiteBehavior [ RunTime:0.000000s ]
INFO: [ app_init ] --END-- [ RunTime:0.001000s ]
INFO: [ app_begin ] --START--
INFO: Run Behavior\ReadHtmlCacheBehavior [ RunTime:0.001000s ]
INFO: [ app_begin ] --END-- [ RunTime:0.001000s ]
NOTIC: [8] Undefined variable: new_key E:\www\micro_business\App\Common\Tools\ArrayHelper.class.php 第 10 行.
NOTIC: [8] Undefined variable: new_key E:\www\micro_business\App\Common\Tools\ArrayHelper.class.php 第 10 行.
NOTIC: [8] Undefined variable: new_key E:\www\micro_business\App\Common\Tools\ArrayHelper.class.php 第 10 行.

[ 2015-08-13T17:00:16+08:00 ] 127.0.0.1 /micro_business/Admin
INFO: [ app_init ] --START--
INFO: Run Behavior\BuildLiteBehavior [ RunTime:0.000000s ]
INFO: [ app_init ] --END-- [ RunTime:0.001000s ]
INFO: [ app_begin ] --START--
INFO: Run Behavior\ReadHtmlCacheBehavior [ RunTime:0.000000s ]
INFO: [ app_begin ] --END-- [ RunTime:0.000000s ]
NOTIC: [8] Undefined variable: new_key E:\www\micro_business\App\Common\Tools\ArrayHelper.class.php 第 10 行.
NOTIC: [8] Undefined variable: new_key E:\www\micro_business\App\Common\Tools\ArrayHelper.class.php 第 10 行.
NOTIC: [8] Undefined variable: new_key E:\www\micro_business\App\Common\Tools\ArrayHelper.class.php 第 10 行.

[ 2015-08-13T17:00:22+08:00 ] 127.0.0.1 /micro_business/Admin
INFO: [ app_init ] --START--
INFO: Run Behavior\BuildLiteBehavior [ RunTime:0.000000s ]
INFO: [ app_init ] --END-- [ RunTime:0.000000s ]
INFO: [ app_begin ] --START--
INFO: Run Behavior\ReadHtmlCacheBehavior [ RunTime:0.000000s ]
INFO: [ app_begin ] --END-- [ RunTime:0.000000s ]
NOTIC: [8] Undefined variable: new_key E:\www\micro_business\App\Common\Tools\ArrayHelper.class.php 第 10 行.
NOTIC: [8] Undefined variable: new_key E:\www\micro_business\App\Common\Tools\ArrayHelper.class.php 第 10 行.
NOTIC: [8] Undefined variable: new_key E:\www\micro_business\App\Common\Tools\ArrayHelper.class.php 第 10 行.

[ 2015-08-13T17:00:25+08:00 ] 127.0.0.1 /micro_business/Admin
INFO: [ app_init ] --START--
INFO: Run Behavior\BuildLiteBehavior [ RunTime:0.000000s ]
INFO: [ app_init ] --END-- [ RunTime:0.000000s ]
INFO: [ app_begin ] --START--
INFO: Run Behavior\ReadHtmlCacheBehavior [ RunTime:0.000000s ]
INFO: [ app_begin ] --END-- [ RunTime:0.000000s ]
NOTIC: [8] Undefined variable: new_key E:\www\micro_business\App\Common\Tools\ArrayHelper.class.php 第 10 行.
NOTIC: [8] Undefined variable: new_key E:\www\micro_business\App\Common\Tools\ArrayHelper.class.php 第 10 行.
NOTIC: [8] Undefined variable: new_key E:\www\micro_business\App\Common\Tools\ArrayHelper.class.php 第 10 行.

[ 2015-08-13T17:00:33+08:00 ] 127.0.0.1 /micro_business/Admin
INFO: [ app_init ] --START--
INFO: Run Behavior\BuildLiteBehavior [ RunTime:0.000000s ]
INFO: [ app_init ] --END-- [ RunTime:0.000000s ]
INFO: [ app_begin ] --START--
INFO: Run Behavior\ReadHtmlCacheBehavior [ RunTime:0.001001s ]
INFO: [ app_begin ] --END-- [ RunTime:0.001001s ]
NOTIC: [8] Undefined variable: new_key E:\www\micro_business\App\Common\Tools\ArrayHelper.class.php 第 10 行.
NOTIC: [8] Undefined variable: new_key E:\www\micro_business\App\Common\Tools\ArrayHelper.class.php 第 10 行.
NOTIC: [8] Undefined variable: new_key E:\www\micro_business\App\Common\Tools\ArrayHelper.class.php 第 10 行.

[ 2015-08-13T17:00:42+08:00 ] 127.0.0.1 /micro_business/Admin
INFO: [ app_init ] --START--
INFO: Run Behavior\BuildLiteBehavior [ RunTime:0.000000s ]
INFO: [ app_init ] --END-- [ RunTime:0.001000s ]
INFO: [ app_begin ] --START--
INFO: Run Behavior\ReadHtmlCacheBehavior [ RunTime:0.000000s ]
INFO: [ app_begin ] --END-- [ RunTime:0.001000s ]
NOTIC: [8] Undefined variable: new_key E:\www\micro_business\App\Common\Tools\ArrayHelper.class.php 第 10 行.
NOTIC: [8] Undefined variable: new_key E:\www\micro_business\App\Common\Tools\ArrayHelper.class.php 第 10 行.
NOTIC: [8] Undefined variable: new_key E:\www\micro_business\App\Common\Tools\ArrayHelper.class.php 第 10 行.

[ 2015-08-13T17:00:47+08:00 ] 127.0.0.1 /micro_business/Admin
INFO: [ app_init ] --START--
INFO: Run Behavior\BuildLiteBehavior [ RunTime:0.000000s ]
INFO: [ app_init ] --END-- [ RunTime:0.000000s ]
INFO: [ app_begin ] --START--
INFO: Run Behavior\ReadHtmlCacheBehavior [ RunTime:0.000000s ]
INFO: [ app_begin ] --END-- [ RunTime:0.000000s ]
NOTIC: [8] Undefined variable: new_key E:\www\micro_business\App\Common\Tools\ArrayHelper.class.php 第 10 行.
NOTIC: [8] Undefined variable: new_key E:\www\micro_business\App\Common\Tools\ArrayHelper.class.php 第 10 行.
NOTIC: [8] Undefined variable: new_key E:\www\micro_business\App\Common\Tools\ArrayHelper.class.php 第 10 行.

[ 2015-08-13T17:00:49+08:00 ] 127.0.0.1 /micro_business/Admin
INFO: [ app_init ] --START--
INFO: Run Behavior\BuildLiteBehavior [ RunTime:0.000000s ]
INFO: [ app_init ] --END-- [ RunTime:0.001000s ]
INFO: [ app_begin ] --START--
INFO: Run Behavior\ReadHtmlCacheBehavior [ RunTime:0.001000s ]
INFO: [ app_begin ] --END-- [ RunTime:0.001000s ]
NOTIC: [8] Undefined variable: new_key E:\www\micro_business\App\Common\Tools\ArrayHelper.class.php 第 10 行.
NOTIC: [8] Undefined variable: new_key E:\www\micro_business\App\Common\Tools\ArrayHelper.class.php 第 10 行.
NOTIC: [8] Undefined variable: new_key E:\www\micro_business\App\Common\Tools\ArrayHelper.class.php 第 10 行.

[ 2015-08-13T17:00:54+08:00 ] 127.0.0.1 /micro_business/Admin
INFO: [ app_init ] --START--
INFO: Run Behavior\BuildLiteBehavior [ RunTime:0.000000s ]
INFO: [ app_init ] --END-- [ RunTime:0.001000s ]
INFO: [ app_begin ] --START--
INFO: Run Behavior\ReadHtmlCacheBehavior [ RunTime:0.001000s ]
INFO: [ app_begin ] --END-- [ RunTime:0.001000s ]
NOTIC: [8] Undefined variable: new_key E:\www\micro_business\App\Common\Tools\ArrayHelper.class.php 第 10 行.
NOTIC: [8] Undefined variable: new_key E:\www\micro_business\App\Common\Tools\ArrayHelper.class.php 第 10 行.
NOTIC: [8] Undefined variable: new_key E:\www\micro_business\App\Common\Tools\ArrayHelper.class.php 第 10 行.

[ 2015-08-13T17:01:02+08:00 ] 127.0.0.1 /micro_business/Admin
INFO: [ app_init ] --START--
INFO: Run Behavior\BuildLiteBehavior [ RunTime:0.000000s ]
INFO: [ app_init ] --END-- [ RunTime:0.000000s ]
INFO: [ app_begin ] --START--
INFO: Run Behavior\ReadHtmlCacheBehavior [ RunTime:0.000000s ]
INFO: [ app_begin ] --END-- [ RunTime:0.000000s ]
NOTIC: [8] Undefined variable: new_key E:\www\micro_business\App\Common\Tools\ArrayHelper.class.php 第 10 行.
NOTIC: [8] Undefined variable: new_key E:\www\micro_business\App\Common\Tools\ArrayHelper.class.php 第 10 行.
NOTIC: [8] Undefined variable: new_key E:\www\micro_business\App\Common\Tools\ArrayHelper.class.php 第 10 行.

[ 2015-08-13T17:01:14+08:00 ] 127.0.0.1 /micro_business/Admin
INFO: [ app_init ] --START--
INFO: Run Behavior\BuildLiteBehavior [ RunTime:0.000000s ]
INFO: [ app_init ] --END-- [ RunTime:0.000000s ]
INFO: [ app_begin ] --START--
INFO: Run Behavior\ReadHtmlCacheBehavior [ RunTime:0.000000s ]
INFO: [ app_begin ] --END-- [ RunTime:0.000000s ]

[ 2015-08-13T17:01:20+08:00 ] 127.0.0.1 /micro_business/Admin
INFO: [ app_init ] --START--
INFO: Run Behavior\BuildLiteBehavior [ RunTime:0.000000s ]
INFO: [ app_init ] --END-- [ RunTime:0.001000s ]
INFO: [ app_begin ] --START--
INFO: Run Behavior\ReadHtmlCacheBehavior [ RunTime:0.001000s ]
INFO: [ app_begin ] --END-- [ RunTime:0.001000s ]

[ 2015-08-13T17:01:25+08:00 ] 127.0.0.1 /micro_business/Admin
INFO: [ app_init ] --START--
INFO: Run Behavior\BuildLiteBehavior [ RunTime:0.000000s ]
INFO: [ app_init ] --END-- [ RunTime:0.000000s ]
INFO: [ app_begin ] --START--
INFO: Run Behavior\ReadHtmlCacheBehavior [ RunTime:0.001000s ]
INFO: [ app_begin ] --END-- [ RunTime:0.001000s ]

[ 2015-08-13T17:01:56+08:00 ] 127.0.0.1 /micro_business/Admin
INFO: [ app_init ] --START--
INFO: Run Behavior\BuildLiteBehavior [ RunTime:0.000000s ]
INFO: [ app_init ] --END-- [ RunTime:0.001001s ]
INFO: [ app_begin ] --START--
INFO: Run Behavior\ReadHtmlCacheBehavior [ RunTime:0.000000s ]
INFO: [ app_begin ] --END-- [ RunTime:0.001000s ]

[ 2015-08-13T17:02:09+08:00 ] 127.0.0.1 /micro_business/Admin
INFO: [ app_init ] --START--
INFO: Run Behavior\BuildLiteBehavior [ RunTime:0.000000s ]
INFO: [ app_init ] --END-- [ RunTime:0.000000s ]
INFO: [ app_begin ] --START--
INFO: Run Behavior\ReadHtmlCacheBehavior [ RunTime:0.001000s ]
INFO: [ app_begin ] --END-- [ RunTime:0.001000s ]

[ 2015-08-13T17:02:13+08:00 ] 127.0.0.1 /micro_business/Admin
INFO: [ app_init ] --START--
INFO: Run Behavior\BuildLiteBehavior [ RunTime:0.000000s ]
INFO: [ app_init ] --END-- [ RunTime:0.001000s ]
INFO: [ app_begin ] --START--
INFO: Run Behavior\ReadHtmlCacheBehavior [ RunTime:0.001000s ]
INFO: [ app_begin ] --END-- [ RunTime:0.001000s ]

[ 2015-08-13T17:02:27+08:00 ] 127.0.0.1 /micro_business/Admin
INFO: [ app_init ] --START--
INFO: Run Behavior\BuildLiteBehavior [ RunTime:0.000000s ]
INFO: [ app_init ] --END-- [ RunTime:0.000000s ]
INFO: [ app_begin ] --START--
INFO: Run Behavior\ReadHtmlCacheBehavior [ RunTime:0.001000s ]
INFO: [ app_begin ] --END-- [ RunTime:0.001000s ]

[ 2015-08-13T18:00:22+08:00 ] 127.0.0.1 /micro_business/Admin
INFO: [ app_init ] --START--
INFO: Run Behavior\BuildLiteBehavior [ RunTime:0.000000s ]
INFO: [ app_init ] --END-- [ RunTime:0.001000s ]
INFO: [ app_begin ] --START--
INFO: Run Behavior\ReadHtmlCacheBehavior [ RunTime:0.000000s ]
INFO: [ app_begin ] --END-- [ RunTime:0.001000s ]

[ 2015-08-13T18:00:29+08:00 ] 127.0.0.1 /micro_business/Admin
INFO: [ app_init ] --START--
INFO: Run Behavior\BuildLiteBehavior [ RunTime:0.000000s ]
INFO: [ app_init ] --END-- [ RunTime:0.000000s ]
INFO: [ app_begin ] --START--
INFO: Run Behavior\ReadHtmlCacheBehavior [ RunTime:0.001000s ]
INFO: [ app_begin ] --END-- [ RunTime:0.001000s ]

[ 2015-08-13T18:00:38+08:00 ] 127.0.0.1 /micro_business/Admin
INFO: [ app_init ] --START--
INFO: Run Behavior\BuildLiteBehavior [ RunTime:0.000000s ]
INFO: [ app_init ] --END-- [ RunTime:0.000000s ]
INFO: [ app_begin ] --START--
INFO: Run Behavior\ReadHtmlCacheBehavior [ RunTime:0.000000s ]
INFO: [ app_begin ] --END-- [ RunTime:0.000000s ]

[ 2015-08-13T18:00:45+08:00 ] 127.0.0.1 /micro_business/Admin
INFO: [ app_init ] --START--
INFO: Run Behavior\BuildLiteBehavior [ RunTime:0.000000s ]
INFO: [ app_init ] --END-- [ RunTime:0.000000s ]
INFO: [ app_begin ] --START--
INFO: Run Behavior\ReadHtmlCacheBehavior [ RunTime:0.001000s ]
INFO: [ app_begin ] --END-- [ RunTime:0.001000s ]
NOTIC: [2] array_column() expects parameter 1 to be array, null given E:\www\micro_business\App\Admin\Controller\BaseController.class.php 第 21 行.
NOTIC: [2] array_search() expects parameter 2 to be array, null given E:\www\micro_business\App\Admin\Controller\BaseController.class.php 第 23 行.

[ 2015-08-13T18:00:59+08:00 ] 127.0.0.1 /micro_business/Admin
INFO: [ app_init ] --START--
INFO: Run Behavior\BuildLiteBehavior [ RunTime:0.000000s ]
INFO: [ app_init ] --END-- [ RunTime:0.001000s ]
INFO: [ app_begin ] --START--
INFO: Run Behavior\ReadHtmlCacheBehavior [ RunTime:0.000000s ]
INFO: [ app_begin ] --END-- [ RunTime:0.000000s ]
NOTIC: [2] array_column() expects parameter 1 to be array, null given E:\www\micro_business\App\Admin\Controller\BaseController.class.php 第 21 行.
NOTIC: [2] array_search() expects parameter 2 to be array, null given E:\www\micro_business\App\Admin\Controller\BaseController.class.php 第 23 行.

[ 2015-08-13T18:01:15+08:00 ] 127.0.0.1 /micro_business/Admin
INFO: [ app_init ] --START--
INFO: Run Behavior\BuildLiteBehavior [ RunTime:0.000000s ]
INFO: [ app_init ] --END-- [ RunTime:0.000000s ]
INFO: [ app_begin ] --START--
INFO: Run Behavior\ReadHtmlCacheBehavior [ RunTime:0.000000s ]
INFO: [ app_begin ] --END-- [ RunTime:0.000000s ]
NOTIC: [2] array_column() expects parameter 1 to be array, null given E:\www\micro_business\App\Admin\Controller\BaseController.class.php 第 21 行.
NOTIC: [2] array_search() expects parameter 2 to be array, null given E:\www\micro_business\App\Admin\Controller\BaseController.class.php 第 23 行.

[ 2015-08-13T18:01:15+08:00 ] 127.0.0.1 /micro_business/index.php/Admin/Login/logout.html
INFO: [ app_init ] --START--
INFO: Run Behavior\BuildLiteBehavior [ RunTime:0.000000s ]
INFO: [ app_init ] --END-- [ RunTime:0.001000s ]
INFO: [ app_begin ] --START--
INFO: Run Behavior\ReadHtmlCacheBehavior [ RunTime:0.000999s ]
INFO: [ app_begin ] --END-- [ RunTime:0.000999s ]
NOTIC: [2] array_column() expects parameter 1 to be array, null given E:\www\micro_business\App\Admin\Controller\BaseController.class.php 第 21 行.
NOTIC: [2] array_search() expects parameter 2 to be array, null given E:\www\micro_business\App\Admin\Controller\BaseController.class.php 第 23 行.

[ 2015-08-13T18:01:15+08:00 ] 127.0.0.1 /micro_business/index.php/Admin/Login/logout.html
INFO: [ app_init ] --START--
INFO: Run Behavior\BuildLiteBehavior [ RunTime:0.000000s ]
INFO: [ app_init ] --END-- [ RunTime:0.001000s ]
INFO: [ app_begin ] --START--
INFO: Run Behavior\ReadHtmlCacheBehavior [ RunTime:0.001000s ]
INFO: [ app_begin ] --END-- [ RunTime:0.001000s ]
NOTIC: [2] array_column() expects parameter 1 to be array, null given E:\www\micro_business\App\Admin\Controller\BaseController.class.php 第 21 行.
NOTIC: [2] array_search() expects parameter 2 to be array, null given E:\www\micro_business\App\Admin\Controller\BaseController.class.php 第 23 行.

[ 2015-08-13T18:01:15+08:00 ] 127.0.0.1 /micro_business/index.php/Admin/Login/logout.html
INFO: [ app_init ] --START--
INFO: Run Behavior\BuildLiteBehavior [ RunTime:0.000000s ]
INFO: [ app_init ] --END-- [ RunTime:0.000000s ]
INFO: [ app_begin ] --START--
INFO: Run Behavior\ReadHtmlCacheBehavior [ RunTime:0.000000s ]
INFO: [ app_begin ] --END-- [ RunTime:0.000000s ]
NOTIC: [2] array_column() expects parameter 1 to be array, null given E:\www\micro_business\App\Admin\Controller\BaseController.class.php 第 21 行.
NOTIC: [2] array_search() expects parameter 2 to be array, null given E:\www\micro_business\App\Admin\Controller\BaseController.class.php 第 23 行.

[ 2015-08-13T18:01:15+08:00 ] 127.0.0.1 /micro_business/index.php/Admin/Login/logout.html
INFO: [ app_init ] --START--
INFO: Run Behavior\BuildLiteBehavior [ RunTime:0.000000s ]
INFO: [ app_init ] --END-- [ RunTime:0.000000s ]
INFO: [ app_begin ] --START--
INFO: Run Behavior\ReadHtmlCacheBehavior [ RunTime:0.000000s ]
INFO: [ app_begin ] --END-- [ RunTime:0.000000s ]
NOTIC: [2] array_column() expects parameter 1 to be array, null given E:\www\micro_business\App\Admin\Controller\BaseController.class.php 第 21 行.
NOTIC: [2] array_search() expects parameter 2 to be array, null given E:\www\micro_business\App\Admin\Controller\BaseController.class.php 第 23 行.

[ 2015-08-13T18:01:15+08:00 ] 127.0.0.1 /micro_business/index.php/Admin/Login/logout.html
INFO: [ app_init ] --START--
INFO: Run Behavior\BuildLiteBehavior [ RunTime:0.000000s ]
INFO: [ app_init ] --END-- [ RunTime:0.000000s ]
INFO: [ app_begin ] --START--
INFO: Run Behavior\ReadHtmlCacheBehavior [ RunTime:0.000000s ]
INFO: [ app_begin ] --END-- [ RunTime:0.000000s ]
NOTIC: [2] array_column() expects parameter 1 to be array, null given E:\www\micro_business\App\Admin\Controller\BaseController.class.php 第 21 行.
NOTIC: [2] array_search() expects parameter 2 to be array, null given E:\www\micro_business\App\Admin\Controller\BaseController.class.php 第 23 行.

[ 2015-08-13T18:01:15+08:00 ] 127.0.0.1 /micro_business/index.php/Admin/Login/logout.html
INFO: [ app_init ] --START--
INFO: Run Behavior\BuildLiteBehavior [ RunTime:0.000000s ]
INFO: [ app_init ] --END-- [ RunTime:0.000000s ]
INFO: [ app_begin ] --START--
INFO: Run Behavior\ReadHtmlCacheBehavior [ RunTime:0.000000s ]
INFO: [ app_begin ] --END-- [ RunTime:0.000000s ]
NOTIC: [2] array_column() expects parameter 1 to be array, null given E:\www\micro_business\App\Admin\Controller\BaseController.class.php 第 21 行.
NOTIC: [2] array_search() expects parameter 2 to be array, null given E:\www\micro_business\App\Admin\Controller\BaseController.class.php 第 23 行.

[ 2015-08-13T18:01:15+08:00 ] 127.0.0.1 /micro_business/index.php/Admin/Login/logout.html
INFO: [ app_init ] --START--
INFO: Run Behavior\BuildLiteBehavior [ RunTime:0.000000s ]
INFO: [ app_init ] --END-- [ RunTime:0.000000s ]
INFO: [ app_begin ] --START--
INFO: Run Behavior\ReadHtmlCacheBehavior [ RunTime:0.000000s ]
INFO: [ app_begin ] --END-- [ RunTime:0.000000s ]
NOTIC: [2] array_column() expects parameter 1 to be array, null given E:\www\micro_business\App\Admin\Controller\BaseController.class.php 第 21 行.
NOTIC: [2] array_search() expects parameter 2 to be array, null given E:\www\micro_business\App\Admin\Controller\BaseController.class.php 第 23 行.

[ 2015-08-13T18:01:15+08:00 ] 127.0.0.1 /micro_business/index.php/Admin/Login/logout.html
INFO: [ app_init ] --START--
INFO: Run Behavior\BuildLiteBehavior [ RunTime:0.000000s ]
INFO: [ app_init ] --END-- [ RunTime:0.001000s ]
INFO: [ app_begin ] --START--
INFO: Run Behavior\ReadHtmlCacheBehavior [ RunTime:0.001000s ]
INFO: [ app_begin ] --END-- [ RunTime:0.001000s ]
NOTIC: [2] array_column() expects parameter 1 to be array, null given E:\www\micro_business\App\Admin\Controller\BaseController.class.php 第 21 行.
NOTIC: [2] array_search() expects parameter 2 to be array, null given E:\www\micro_business\App\Admin\Controller\BaseController.class.php 第 23 行.

[ 2015-08-13T18:01:15+08:00 ] 127.0.0.1 /micro_business/index.php/Admin/Login/logout.html
INFO: [ app_init ] --START--
INFO: Run Behavior\BuildLiteBehavior [ RunTime:0.000000s ]
INFO: [ app_init ] --END-- [ RunTime:0.001000s ]
INFO: [ app_begin ] --START--
INFO: Run Behavior\ReadHtmlCacheBehavior [ RunTime:0.000000s ]
INFO: [ app_begin ] --END-- [ RunTime:0.000000s ]
NOTIC: [2] array_column() expects parameter 1 to be array, null given E:\www\micro_business\App\Admin\Controller\BaseController.class.php 第 21 行.
NOTIC: [2] array_search() expects parameter 2 to be array, null given E:\www\micro_business\App\Admin\Controller\BaseController.class.php 第 23 行.

[ 2015-08-13T18:01:15+08:00 ] 127.0.0.1 /micro_business/index.php/Admin/Login/logout.html
INFO: [ app_init ] --START--
INFO: Run Behavior\BuildLiteBehavior [ RunTime:0.000000s ]
INFO: [ app_init ] --END-- [ RunTime:0.000000s ]
INFO: [ app_begin ] --START--
INFO: Run Behavior\ReadHtmlCacheBehavior [ RunTime:0.001000s ]
INFO: [ app_begin ] --END-- [ RunTime:0.001000s ]
NOTIC: [2] array_column() expects parameter 1 to be array, null given E:\www\micro_business\App\Admin\Controller\BaseController.class.php 第 21 行.
NOTIC: [2] array_search() expects parameter 2 to be array, null given E:\www\micro_business\App\Admin\Controller\BaseController.class.php 第 23 行.

[ 2015-08-13T18:01:15+08:00 ] 127.0.0.1 /micro_business/index.php/Admin/Login/logout.html
INFO: [ app_init ] --START--
INFO: Run Behavior\BuildLiteBehavior [ RunTime:0.000000s ]
INFO: [ app_init ] --END-- [ RunTime:0.000000s ]
INFO: [ app_begin ] --START--
INFO: Run Behavior\ReadHtmlCacheBehavior [ RunTime:0.000000s ]
INFO: [ app_begin ] --END-- [ RunTime:0.000000s ]
NOTIC: [2] array_column() expects parameter 1 to be array, null given E:\www\micro_business\App\Admin\Controller\BaseController.class.php 第 21 行.
NOTIC: [2] array_search() expects parameter 2 to be array, null given E:\www\micro_business\App\Admin\Controller\BaseController.class.php 第 23 行.

[ 2015-08-13T18:01:15+08:00 ] 127.0.0.1 /micro_business/index.php/Admin/Login/logout.html
INFO: [ app_init ] --START--
INFO: Run Behavior\BuildLiteBehavior [ RunTime:0.000000s ]
INFO: [ app_init ] --END-- [ RunTime:0.000000s ]
INFO: [ app_begin ] --START--
INFO: Run Behavior\ReadHtmlCacheBehavior [ RunTime:0.001000s ]
INFO: [ app_begin ] --END-- [ RunTime:0.001000s ]
NOTIC: [2] array_column() expects parameter 1 to be array, null given E:\www\micro_business\App\Admin\Controller\BaseController.class.php 第 21 行.
NOTIC: [2] array_search() expects parameter 2 to be array, null given E:\www\micro_business\App\Admin\Controller\BaseController.class.php 第 23 行.

[ 2015-08-13T18:01:15+08:00 ] 127.0.0.1 /micro_business/index.php/Admin/Login/logout.html
INFO: [ app_init ] --START--
INFO: Run Behavior\BuildLiteBehavior [ RunTime:0.000000s ]
INFO: [ app_init ] --END-- [ RunTime:0.001000s ]
INFO: [ app_begin ] --START--
INFO: Run Behavior\ReadHtmlCacheBehavior [ RunTime:0.000999s ]
INFO: [ app_begin ] --END-- [ RunTime:0.000999s ]
NOTIC: [2] array_column() expects parameter 1 to be array, null given E:\www\micro_business\App\Admin\Controller\BaseController.class.php 第 21 行.
NOTIC: [2] array_search() expects parameter 2 to be array, null given E:\www\micro_business\App\Admin\Controller\BaseController.class.php 第 23 行.

[ 2015-08-13T18:01:15+08:00 ] 127.0.0.1 /micro_business/index.php/Admin/Login/logout.html
INFO: [ app_init ] --START--
INFO: Run Behavior\BuildLiteBehavior [ RunTime:0.000000s ]
INFO: [ app_init ] --END-- [ RunTime:0.000000s ]
INFO: [ app_begin ] --START--
INFO: Run Behavior\ReadHtmlCacheBehavior [ RunTime:0.001000s ]
INFO: [ app_begin ] --END-- [ RunTime:0.001000s ]
NOTIC: [2] array_column() expects parameter 1 to be array, null given E:\www\micro_business\App\Admin\Controller\BaseController.class.php 第 21 行.
NOTIC: [2] array_search() expects parameter 2 to be array, null given E:\www\micro_business\App\Admin\Controller\BaseController.class.php 第 23 行.

[ 2015-08-13T18:01:15+08:00 ] 127.0.0.1 /micro_business/index.php/Admin/Login/logout.html
INFO: [ app_init ] --START--
INFO: Run Behavior\BuildLiteBehavior [ RunTime:0.000000s ]
INFO: [ app_init ] --END-- [ RunTime:0.000000s ]
INFO: [ app_begin ] --START--
INFO: Run Behavior\ReadHtmlCacheBehavior [ RunTime:0.000000s ]
INFO: [ app_begin ] --END-- [ RunTime:0.000000s ]
NOTIC: [2] array_column() expects parameter 1 to be array, null given E:\www\micro_business\App\Admin\Controller\BaseController.class.php 第 21 行.
NOTIC: [2] array_search() expects parameter 2 to be array, null given E:\www\micro_business\App\Admin\Controller\BaseController.class.php 第 23 行.

[ 2015-08-13T18:01:15+08:00 ] 127.0.0.1 /micro_business/index.php/Admin/Login/logout.html
INFO: [ app_init ] --START--
INFO: Run Behavior\BuildLiteBehavior [ RunTime:0.000000s ]
INFO: [ app_init ] --END-- [ RunTime:0.000000s ]
INFO: [ app_begin ] --START--
INFO: Run Behavior\ReadHtmlCacheBehavior [ RunTime:0.000000s ]
INFO: [ app_begin ] --END-- [ RunTime:0.000000s ]
NOTIC: [2] array_column() expects parameter 1 to be array, null given E:\www\micro_business\App\Admin\Controller\BaseController.class.php 第 21 行.
NOTIC: [2] array_search() expects parameter 2 to be array, null given E:\www\micro_business\App\Admin\Controller\BaseController.class.php 第 23 行.

[ 2015-08-13T18:01:15+08:00 ] 127.0.0.1 /micro_business/index.php/Admin/Login/logout.html
INFO: [ app_init ] --START--
INFO: Run Behavior\BuildLiteBehavior [ RunTime:0.000000s ]
INFO: [ app_init ] --END-- [ RunTime:0.000000s ]
INFO: [ app_begin ] --START--
INFO: Run Behavior\ReadHtmlCacheBehavior [ RunTime:0.000000s ]
INFO: [ app_begin ] --END-- [ RunTime:0.000000s ]
NOTIC: [2] array_column() expects parameter 1 to be array, null given E:\www\micro_business\App\Admin\Controller\BaseController.class.php 第 21 行.
NOTIC: [2] array_search() expects parameter 2 to be array, null given E:\www\micro_business\App\Admin\Controller\BaseController.class.php 第 23 行.

[ 2015-08-13T18:01:15+08:00 ] 127.0.0.1 /micro_business/index.php/Admin/Login/logout.html
INFO: [ app_init ] --START--
INFO: Run Behavior\BuildLiteBehavior [ RunTime:0.000000s ]
INFO: [ app_init ] --END-- [ RunTime:0.000000s ]
INFO: [ app_begin ] --START--
INFO: Run Behavior\ReadHtmlCacheBehavior [ RunTime:0.000000s ]
INFO: [ app_begin ] --END-- [ RunTime:0.000000s ]
NOTIC: [2] array_column() expects parameter 1 to be array, null given E:\www\micro_business\App\Admin\Controller\BaseController.class.php 第 21 行.
NOTIC: [2] array_search() expects parameter 2 to be array, null given E:\www\micro_business\App\Admin\Controller\BaseController.class.php 第 23 行.

[ 2015-08-13T18:01:15+08:00 ] 127.0.0.1 /micro_business/index.php/Admin/Login/logout.html
INFO: [ app_init ] --START--
INFO: Run Behavior\BuildLiteBehavior [ RunTime:0.000000s ]
INFO: [ app_init ] --END-- [ RunTime:0.000000s ]
INFO: [ app_begin ] --START--
INFO: Run Behavior\ReadHtmlCacheBehavior [ RunTime:0.000000s ]
INFO: [ app_begin ] --END-- [ RunTime:0.000000s ]
NOTIC: [2] array_column() expects parameter 1 to be array, null given E:\www\micro_business\App\Admin\Controller\BaseController.class.php 第 21 行.
NOTIC: [2] array_search() expects parameter 2 to be array, null given E:\www\micro_business\App\Admin\Controller\BaseController.class.php 第 23 行.

[ 2015-08-13T18:01:15+08:00 ] 127.0.0.1 /micro_business/index.php/Admin/Login/logout.html
INFO: [ app_init ] --START--
INFO: Run Behavior\BuildLiteBehavior [ RunTime:0.000000s ]
INFO: [ app_init ] --END-- [ RunTime:0.000000s ]
INFO: [ app_begin ] --START--
INFO: Run Behavior\ReadHtmlCacheBehavior [ RunTime:0.000000s ]
INFO: [ app_begin ] --END-- [ RunTime:0.000000s ]
NOTIC: [2] array_column() expects parameter 1 to be array, null given E:\www\micro_business\App\Admin\Controller\BaseController.class.php 第 21 行.
NOTIC: [2] array_search() expects parameter 2 to be array, null given E:\www\micro_business\App\Admin\Controller\BaseController.class.php 第 23 行.

[ 2015-08-13T18:01:15+08:00 ] 127.0.0.1 /micro_business/index.php/Admin/Login/logout.html
INFO: [ app_init ] --START--
INFO: Run Behavior\BuildLiteBehavior [ RunTime:0.000000s ]
INFO: [ app_init ] --END-- [ RunTime:0.001000s ]
INFO: [ app_begin ] --START--
INFO: Run Behavior\ReadHtmlCacheBehavior [ RunTime:0.000000s ]
INFO: [ app_begin ] --END-- [ RunTime:0.000000s ]
NOTIC: [2] array_column() expects parameter 1 to be array, null given E:\www\micro_business\App\Admin\Controller\BaseController.class.php 第 21 行.
NOTIC: [2] array_search() expects parameter 2 to be array, null given E:\www\micro_business\App\Admin\Controller\BaseController.class.php 第 23 行.

[ 2015-08-13T18:01:15+08:00 ] 127.0.0.1 /micro_business/index.php/Admin/Login/logout.html
INFO: [ app_init ] --START--
INFO: Run Behavior\BuildLiteBehavior [ RunTime:0.000000s ]
INFO: [ app_init ] --END-- [ RunTime:0.000000s ]
INFO: [ app_begin ] --START--
INFO: Run Behavior\ReadHtmlCacheBehavior [ RunTime:0.000999s ]
INFO: [ app_begin ] --END-- [ RunTime:0.000999s ]
NOTIC: [2] array_column() expects parameter 1 to be array, null given E:\www\micro_business\App\Admin\Controller\BaseController.class.php 第 21 行.
NOTIC: [2] array_search() expects parameter 2 to be array, null given E:\www\micro_business\App\Admin\Controller\BaseController.class.php 第 23 行.

[ 2015-08-13T18:01:15+08:00 ] 127.0.0.1 /micro_business/index.php/Admin/Login/logout.html
INFO: [ app_init ] --START--
INFO: Run Behavior\BuildLiteBehavior [ RunTime:0.000000s ]
INFO: [ app_init ] --END-- [ RunTime:0.000000s ]
INFO: [ app_begin ] --START--
INFO: Run Behavior\ReadHtmlCacheBehavior [ RunTime:0.000000s ]
INFO: [ app_begin ] --END-- [ RunTime:0.000000s ]
NOTIC: [2] array_column() expects parameter 1 to be array, null given E:\www\micro_business\App\Admin\Controller\BaseController.class.php 第 21 行.
NOTIC: [2] array_search() expects parameter 2 to be array, null given E:\www\micro_business\App\Admin\Controller\BaseController.class.php 第 23 行.

[ 2015-08-13T18:01:15+08:00 ] 127.0.0.1 /micro_business/index.php/Admin/Login/logout.html
INFO: [ app_init ] --START--
INFO: Run Behavior\BuildLiteBehavior [ RunTime:0.000000s ]
INFO: [ app_init ] --END-- [ RunTime:0.001000s ]
INFO: [ app_begin ] --START--
INFO: Run Behavior\ReadHtmlCacheBehavior [ RunTime:0.000000s ]
INFO: [ app_begin ] --END-- [ RunTime:0.001000s ]
NOTIC: [2] array_column() expects parameter 1 to be array, null given E:\www\micro_business\App\Admin\Controller\BaseController.class.php 第 21 行.
NOTIC: [2] array_search() expects parameter 2 to be array, null given E:\www\micro_business\App\Admin\Controller\BaseController.class.php 第 23 行.

[ 2015-08-13T18:01:15+08:00 ] 127.0.0.1 /micro_business/index.php/Admin/Login/logout.html
INFO: [ app_init ] --START--
INFO: Run Behavior\BuildLiteBehavior [ RunTime:0.000000s ]
INFO: [ app_init ] --END-- [ RunTime:0.001000s ]
INFO: [ app_begin ] --START--
INFO: Run Behavior\ReadHtmlCacheBehavior [ RunTime:0.001000s ]
INFO: [ app_begin ] --END-- [ RunTime:0.001000s ]
NOTIC: [2] array_column() expects parameter 1 to be array, null given E:\www\micro_business\App\Admin\Controller\BaseController.class.php 第 21 行.
NOTIC: [2] array_search() expects parameter 2 to be array, null given E:\www\micro_business\App\Admin\Controller\BaseController.class.php 第 23 行.

[ 2015-08-13T18:01:15+08:00 ] 127.0.0.1 /micro_business/index.php/Admin/Login/logout.html
INFO: [ app_init ] --START--
INFO: Run Behavior\BuildLiteBehavior [ RunTime:0.000000s ]
INFO: [ app_init ] --END-- [ RunTime:0.000000s ]
INFO: [ app_begin ] --START--
INFO: Run Behavior\ReadHtmlCacheBehavior [ RunTime:0.000000s ]
INFO: [ app_begin ] --END-- [ RunTime:0.000000s ]
NOTIC: [2] array_column() expects parameter 1 to be array, null given E:\www\micro_business\App\Admin\Controller\BaseController.class.php 第 21 行.
NOTIC: [2] array_search() expects parameter 2 to be array, null given E:\www\micro_business\App\Admin\Controller\BaseController.class.php 第 23 行.

[ 2015-08-13T18:01:15+08:00 ] 127.0.0.1 /micro_business/index.php/Admin/Login/logout.html
INFO: [ app_init ] --START--
INFO: Run Behavior\BuildLiteBehavior [ RunTime:0.000000s ]
INFO: [ app_init ] --END-- [ RunTime:0.001000s ]
INFO: [ app_begin ] --START--
INFO: Run Behavior\ReadHtmlCacheBehavior [ RunTime:0.000000s ]
INFO: [ app_begin ] --END-- [ RunTime:0.001000s ]
NOTIC: [2] array_column() expects parameter 1 to be array, null given E:\www\micro_business\App\Admin\Controller\BaseController.class.php 第 21 行.
NOTIC: [2] array_search() expects parameter 2 to be array, null given E:\www\micro_business\App\Admin\Controller\BaseController.class.php 第 23 行.

[ 2015-08-13T18:01:15+08:00 ] 127.0.0.1 /micro_business/index.php/Admin/Login/logout.html
INFO: [ app_init ] --START--
INFO: Run Behavior\BuildLiteBehavior [ RunTime:0.000000s ]
INFO: [ app_init ] --END-- [ RunTime:0.000000s ]
INFO: [ app_begin ] --START--
INFO: Run Behavior\ReadHtmlCacheBehavior [ RunTime:0.001000s ]
INFO: [ app_begin ] --END-- [ RunTime:0.001000s ]
NOTIC: [2] array_column() expects parameter 1 to be array, null given E:\www\micro_business\App\Admin\Controller\BaseController.class.php 第 21 行.
NOTIC: [2] array_search() expects parameter 2 to be array, null given E:\www\micro_business\App\Admin\Controller\BaseController.class.php 第 23 行.

[ 2015-08-13T18:01:15+08:00 ] 127.0.0.1 /micro_business/index.php/Admin/Login/logout.html
INFO: [ app_init ] --START--
INFO: Run Behavior\BuildLiteBehavior [ RunTime:0.000000s ]
INFO: [ app_init ] --END-- [ RunTime:0.000000s ]
INFO: [ app_begin ] --START--
INFO: Run Behavior\ReadHtmlCacheBehavior [ RunTime:0.000000s ]
INFO: [ app_begin ] --END-- [ RunTime:0.000000s ]
NOTIC: [2] array_column() expects parameter 1 to be array, null given E:\www\micro_business\App\Admin\Controller\BaseController.class.php 第 21 行.
NOTIC: [2] array_search() expects parameter 2 to be array, null given E:\www\micro_business\App\Admin\Controller\BaseController.class.php 第 23 行.

[ 2015-08-13T18:01:15+08:00 ] 127.0.0.1 /micro_business/index.php/Admin/Login/logout.html
INFO: [ app_init ] --START--
INFO: Run Behavior\BuildLiteBehavior [ RunTime:0.000000s ]
INFO: [ app_init ] --END-- [ RunTime:0.000000s ]
INFO: [ app_begin ] --START--
INFO: Run Behavior\ReadHtmlCacheBehavior [ RunTime:0.000999s ]
INFO: [ app_begin ] --END-- [ RunTime:0.000999s ]
NOTIC: [2] array_column() expects parameter 1 to be array, null given E:\www\micro_business\App\Admin\Controller\BaseController.class.php 第 21 行.
NOTIC: [2] array_search() expects parameter 2 to be array, null given E:\www\micro_business\App\Admin\Controller\BaseController.class.php 第 23 行.

[ 2015-08-13T18:01:15+08:00 ] 127.0.0.1 /micro_business/index.php/Admin/Login/logout.html
INFO: [ app_init ] --START--
INFO: Run Behavior\BuildLiteBehavior [ RunTime:0.000000s ]
INFO: [ app_init ] --END-- [ RunTime:0.001000s ]
INFO: [ app_begin ] --START--
INFO: Run Behavior\ReadHtmlCacheBehavior [ RunTime:0.001000s ]
INFO: [ app_begin ] --END-- [ RunTime:0.001000s ]
NOTIC: [2] array_column() expects parameter 1 to be array, null given E:\www\micro_business\App\Admin\Controller\BaseController.class.php 第 21 行.
NOTIC: [2] array_search() expects parameter 2 to be array, null given E:\www\micro_business\App\Admin\Controller\BaseController.class.php 第 23 行.

[ 2015-08-13T18:01:15+08:00 ] 127.0.0.1 /micro_business/index.php/Admin/Login/logout.html
INFO: [ app_init ] --START--
INFO: Run Behavior\BuildLiteBehavior [ RunTime:0.000000s ]
INFO: [ app_init ] --END-- [ RunTime:0.000000s ]
INFO: [ app_begin ] --START--
INFO: Run Behavior\ReadHtmlCacheBehavior [ RunTime:0.000000s ]
INFO: [ app_begin ] --END-- [ RunTime:0.000000s ]
NOTIC: [2] array_column() expects parameter 1 to be array, null given E:\www\micro_business\App\Admin\Controller\BaseController.class.php 第 21 行.
NOTIC: [2] array_search() expects parameter 2 to be array, null given E:\www\micro_business\App\Admin\Controller\BaseController.class.php 第 23 行.

[ 2015-08-13T18:01:15+08:00 ] 127.0.0.1 /micro_business/index.php/Admin/Login/logout.html
INFO: [ app_init ] --START--
INFO: Run Behavior\BuildLiteBehavior [ RunTime:0.000000s ]
INFO: [ app_init ] --END-- [ RunTime:0.000999s ]
INFO: [ app_begin ] --START--
INFO: Run Behavior\ReadHtmlCacheBehavior [ RunTime:0.000000s ]
INFO: [ app_begin ] --END-- [ RunTime:0.000000s ]
NOTIC: [2] array_column() expects parameter 1 to be array, null given E:\www\micro_business\App\Admin\Controller\BaseController.class.php 第 21 行.
NOTIC: [2] array_search() expects parameter 2 to be array, null given E:\www\micro_business\App\Admin\Controller\BaseController.class.php 第 23 行.

[ 2015-08-13T18:01:15+08:00 ] 127.0.0.1 /micro_business/index.php/Admin/Login/logout.html
INFO: [ app_init ] --START--
INFO: Run Behavior\BuildLiteBehavior [ RunTime:0.000000s ]
INFO: [ app_init ] --END-- [ RunTime:0.000000s ]
INFO: [ app_begin ] --START--
INFO: Run Behavior\ReadHtmlCacheBehavior [ RunTime:0.001000s ]
INFO: [ app_begin ] --END-- [ RunTime:0.001000s ]
NOTIC: [2] array_column() expects parameter 1 to be array, null given E:\www\micro_business\App\Admin\Controller\BaseController.class.php 第 21 行.
NOTIC: [2] array_search() expects parameter 2 to be array, null given E:\www\micro_business\App\Admin\Controller\BaseController.class.php 第 23 行.

[ 2015-08-13T18:01:15+08:00 ] 127.0.0.1 /micro_business/index.php/Admin/Login/logout.html
INFO: [ app_init ] --START--
INFO: Run Behavior\BuildLiteBehavior [ RunTime:0.000000s ]
INFO: [ app_init ] --END-- [ RunTime:0.000000s ]
INFO: [ app_begin ] --START--
INFO: Run Behavior\ReadHtmlCacheBehavior [ RunTime:0.000999s ]
INFO: [ app_begin ] --END-- [ RunTime:0.000999s ]
NOTIC: [2] array_column() expects parameter 1 to be array, null given E:\www\micro_business\App\Admin\Controller\BaseController.class.php 第 21 行.
NOTIC: [2] array_search() expects parameter 2 to be array, null given E:\www\micro_business\App\Admin\Controller\BaseController.class.php 第 23 行.

[ 2015-08-13T18:01:15+08:00 ] 127.0.0.1 /micro_business/index.php/Admin/Login/logout.html
INFO: [ app_init ] --START--
INFO: Run Behavior\BuildLiteBehavior [ RunTime:0.000000s ]
INFO: [ app_init ] --END-- [ RunTime:0.001000s ]
INFO: [ app_begin ] --START--
INFO: Run Behavior\ReadHtmlCacheBehavior [ RunTime:0.000000s ]
INFO: [ app_begin ] --END-- [ RunTime:0.000000s ]
NOTIC: [2] array_column() expects parameter 1 to be array, null given E:\www\micro_business\App\Admin\Controller\BaseController.class.php 第 21 行.
NOTIC: [2] array_search() expects parameter 2 to be array, null given E:\www\micro_business\App\Admin\Controller\BaseController.class.php 第 23 行.

[ 2015-08-13T18:01:15+08:00 ] 127.0.0.1 /micro_business/index.php/Admin/Login/logout.html
INFO: [ app_init ] --START--
INFO: Run Behavior\BuildLiteBehavior [ RunTime:0.000000s ]
INFO: [ app_init ] --END-- [ RunTime:0.000000s ]
INFO: [ app_begin ] --START--
INFO: Run Behavior\ReadHtmlCacheBehavior [ RunTime:0.000000s ]
INFO: [ app_begin ] --END-- [ RunTime:0.000000s ]
NOTIC: [2] array_column() expects parameter 1 to be array, null given E:\www\micro_business\App\Admin\Controller\BaseController.class.php 第 21 行.
NOTIC: [2] array_search() expects parameter 2 to be array, null given E:\www\micro_business\App\Admin\Controller\BaseController.class.php 第 23 行.

[ 2015-08-13T18:01:15+08:00 ] 127.0.0.1 /micro_business/index.php/Admin/Login/logout.html
INFO: [ app_init ] --START--
INFO: Run Behavior\BuildLiteBehavior [ RunTime:0.000000s ]
INFO: [ app_init ] --END-- [ RunTime:0.000000s ]
INFO: [ app_begin ] --START--
INFO: Run Behavior\ReadHtmlCacheBehavior [ RunTime:0.000000s ]
INFO: [ app_begin ] --END-- [ RunTime:0.000000s ]
NOTIC: [2] array_column() expects parameter 1 to be array, null given E:\www\micro_business\App\Admin\Controller\BaseController.class.php 第 21 行.
NOTIC: [2] array_search() expects parameter 2 to be array, null given E:\www\micro_business\App\Admin\Controller\BaseController.class.php 第 23 行.

[ 2015-08-13T18:01:15+08:00 ] 127.0.0.1 /micro_business/index.php/Admin/Login/logout.html
INFO: [ app_init ] --START--
INFO: Run Behavior\BuildLiteBehavior [ RunTime:0.000000s ]
INFO: [ app_init ] --END-- [ RunTime:0.000000s ]
INFO: [ app_begin ] --START--
INFO: Run Behavior\ReadHtmlCacheBehavior [ RunTime:0.001000s ]
INFO: [ app_begin ] --END-- [ RunTime:0.001000s ]
NOTIC: [2] array_column() expects parameter 1 to be array, null given E:\www\micro_business\App\Admin\Controller\BaseController.class.php 第 21 行.
NOTIC: [2] array_search() expects parameter 2 to be array, null given E:\www\micro_business\App\Admin\Controller\BaseController.class.php 第 23 行.

[ 2015-08-13T18:01:15+08:00 ] 127.0.0.1 /micro_business/index.php/Admin/Login/logout.html
INFO: [ app_init ] --START--
INFO: Run Behavior\BuildLiteBehavior [ RunTime:0.000000s ]
INFO: [ app_init ] --END-- [ RunTime:0.000999s ]
INFO: [ app_begin ] --START--
INFO: Run Behavior\ReadHtmlCacheBehavior [ RunTime:0.001000s ]
INFO: [ app_begin ] --END-- [ RunTime:0.001000s ]
NOTIC: [2] array_column() expects parameter 1 to be array, null given E:\www\micro_business\App\Admin\Controller\BaseController.class.php 第 21 行.
NOTIC: [2] array_search() expects parameter 2 to be array, null given E:\www\micro_business\App\Admin\Controller\BaseController.class.php 第 23 行.

[ 2015-08-13T18:01:15+08:00 ] 127.0.0.1 /micro_business/index.php/Admin/Login/logout.html
INFO: [ app_init ] --START--
INFO: Run Behavior\BuildLiteBehavior [ RunTime:0.000000s ]
INFO: [ app_init ] --END-- [ RunTime:0.000000s ]
INFO: [ app_begin ] --START--
INFO: Run Behavior\ReadHtmlCacheBehavior [ RunTime:0.001000s ]
INFO: [ app_begin ] --END-- [ RunTime:0.001000s ]
NOTIC: [2] array_column() expects parameter 1 to be array, null given E:\www\micro_business\App\Admin\Controller\BaseController.class.php 第 21 行.
NOTIC: [2] array_search() expects parameter 2 to be array, null given E:\www\micro_business\App\Admin\Controller\BaseController.class.php 第 23 行.

[ 2015-08-13T18:01:20+08:00 ] 127.0.0.1 /micro_business/index.php/Admin/Login/logout.html
INFO: [ app_init ] --START--
INFO: Run Behavior\BuildLiteBehavior [ RunTime:0.000000s ]
INFO: [ app_init ] --END-- [ RunTime:0.000000s ]
INFO: [ app_begin ] --START--
INFO: Run Behavior\ReadHtmlCacheBehavior [ RunTime:0.001000s ]
INFO: [ app_begin ] --END-- [ RunTime:0.001000s ]
NOTIC: [2] array_column() expects parameter 1 to be array, null given E:\www\micro_business\App\Admin\Controller\BaseController.class.php 第 21 行.
NOTIC: [2] array_search() expects parameter 2 to be array, null given E:\www\micro_business\App\Admin\Controller\BaseController.class.php 第 23 行.

[ 2015-08-13T18:01:20+08:00 ] 127.0.0.1 /micro_business/index.php/Admin/Login/logout.html
INFO: [ app_init ] --START--
INFO: Run Behavior\BuildLiteBehavior [ RunTime:0.000000s ]
INFO: [ app_init ] --END-- [ RunTime:0.000000s ]
INFO: [ app_begin ] --START--
INFO: Run Behavior\ReadHtmlCacheBehavior [ RunTime:0.001000s ]
INFO: [ app_begin ] --END-- [ RunTime:0.001000s ]
NOTIC: [2] array_column() expects parameter 1 to be array, null given E:\www\micro_business\App\Admin\Controller\BaseController.class.php 第 21 行.
NOTIC: [2] array_search() expects parameter 2 to be array, null given E:\www\micro_business\App\Admin\Controller\BaseController.class.php 第 23 行.

[ 2015-08-13T18:01:20+08:00 ] 127.0.0.1 /micro_business/index.php/Admin/Login/logout.html
INFO: [ app_init ] --START--
INFO: Run Behavior\BuildLiteBehavior [ RunTime:0.000000s ]
INFO: [ app_init ] --END-- [ RunTime:0.000000s ]
INFO: [ app_begin ] --START--
INFO: Run Behavior\ReadHtmlCacheBehavior [ RunTime:0.001000s ]
INFO: [ app_begin ] --END-- [ RunTime:0.001000s ]
NOTIC: [2] array_column() expects parameter 1 to be array, null given E:\www\micro_business\App\Admin\Controller\BaseController.class.php 第 21 行.
NOTIC: [2] array_search() expects parameter 2 to be array, null given E:\www\micro_business\App\Admin\Controller\BaseController.class.php 第 23 行.

[ 2015-08-13T18:01:20+08:00 ] 127.0.0.1 /micro_business/index.php/Admin/Login/logout.html
INFO: [ app_init ] --START--
INFO: Run Behavior\BuildLiteBehavior [ RunTime:0.000000s ]
INFO: [ app_init ] --END-- [ RunTime:0.000000s ]
INFO: [ app_begin ] --START--
INFO: Run Behavior\ReadHtmlCacheBehavior [ RunTime:0.000000s ]
INFO: [ app_begin ] --END-- [ RunTime:0.000000s ]
NOTIC: [2] array_column() expects parameter 1 to be array, null given E:\www\micro_business\App\Admin\Controller\BaseController.class.php 第 21 行.
NOTIC: [2] array_search() expects parameter 2 to be array, null given E:\www\micro_business\App\Admin\Controller\BaseController.class.php 第 23 行.

[ 2015-08-13T18:01:20+08:00 ] 127.0.0.1 /micro_business/index.php/Admin/Login/logout.html
INFO: [ app_init ] --START--
INFO: Run Behavior\BuildLiteBehavior [ RunTime:0.000000s ]
INFO: [ app_init ] --END-- [ RunTime:0.000000s ]
INFO: [ app_begin ] --START--
INFO: Run Behavior\ReadHtmlCacheBehavior [ RunTime:0.000000s ]
INFO: [ app_begin ] --END-- [ RunTime:0.000000s ]
NOTIC: [2] array_column() expects parameter 1 to be array, null given E:\www\micro_business\App\Admin\Controller\BaseController.class.php 第 21 行.
NOTIC: [2] array_search() expects parameter 2 to be array, null given E:\www\micro_business\App\Admin\Controller\BaseController.class.php 第 23 行.

[ 2015-08-13T18:01:20+08:00 ] 127.0.0.1 /micro_business/index.php/Admin/Login/logout.html
INFO: [ app_init ] --START--
INFO: Run Behavior\BuildLiteBehavior [ RunTime:0.000000s ]
INFO: [ app_init ] --END-- [ RunTime:0.000000s ]
INFO: [ app_begin ] --START--
INFO: Run Behavior\ReadHtmlCacheBehavior [ RunTime:0.000000s ]
INFO: [ app_begin ] --END-- [ RunTime:0.000000s ]
NOTIC: [2] array_column() expects parameter 1 to be array, null given E:\www\micro_business\App\Admin\Controller\BaseController.class.php 第 21 行.
NOTIC: [2] array_search() expects parameter 2 to be array, null given E:\www\micro_business\App\Admin\Controller\BaseController.class.php 第 23 行.

[ 2015-08-13T18:01:20+08:00 ] 127.0.0.1 /micro_business/index.php/Admin/Login/logout.html
INFO: [ app_init ] --START--
INFO: Run Behavior\BuildLiteBehavior [ RunTime:0.000000s ]
INFO: [ app_init ] --END-- [ RunTime:0.001000s ]
INFO: [ app_begin ] --START--
INFO: Run Behavior\ReadHtmlCacheBehavior [ RunTime:0.001000s ]
INFO: [ app_begin ] --END-- [ RunTime:0.001000s ]
NOTIC: [2] array_column() expects parameter 1 to be array, null given E:\www\micro_business\App\Admin\Controller\BaseController.class.php 第 21 行.
NOTIC: [2] array_search() expects parameter 2 to be array, null given E:\www\micro_business\App\Admin\Controller\BaseController.class.php 第 23 行.

[ 2015-08-13T18:01:20+08:00 ] 127.0.0.1 /micro_business/index.php/Admin/Login/logout.html
INFO: [ app_init ] --START--
INFO: Run Behavior\BuildLiteBehavior [ RunTime:0.000000s ]
INFO: [ app_init ] --END-- [ RunTime:0.000000s ]
INFO: [ app_begin ] --START--
INFO: Run Behavior\ReadHtmlCacheBehavior [ RunTime:0.000000s ]
INFO: [ app_begin ] --END-- [ RunTime:0.000000s ]
NOTIC: [2] array_column() expects parameter 1 to be array, null given E:\www\micro_business\App\Admin\Controller\BaseController.class.php 第 21 行.
NOTIC: [2] array_search() expects parameter 2 to be array, null given E:\www\micro_business\App\Admin\Controller\BaseController.class.php 第 23 行.

[ 2015-08-13T18:01:20+08:00 ] 127.0.0.1 /micro_business/index.php/Admin/Login/logout.html
INFO: [ app_init ] --START--
INFO: Run Behavior\BuildLiteBehavior [ RunTime:0.001000s ]
INFO: [ app_init ] --END-- [ RunTime:0.001000s ]
INFO: [ app_begin ] --START--
INFO: Run Behavior\ReadHtmlCacheBehavior [ RunTime:0.001000s ]
INFO: [ app_begin ] --END-- [ RunTime:0.001000s ]
NOTIC: [2] array_column() expects parameter 1 to be array, null given E:\www\micro_business\App\Admin\Controller\BaseController.class.php 第 21 行.
NOTIC: [2] array_search() expects parameter 2 to be array, null given E:\www\micro_business\App\Admin\Controller\BaseController.class.php 第 23 行.

[ 2015-08-13T18:01:20+08:00 ] 127.0.0.1 /micro_business/index.php/Admin/Login/logout.html
INFO: [ app_init ] --START--
INFO: Run Behavior\BuildLiteBehavior [ RunTime:0.000000s ]
INFO: [ app_init ] --END-- [ RunTime:0.000000s ]
INFO: [ app_begin ] --START--
INFO: Run Behavior\ReadHtmlCacheBehavior [ RunTime:0.000000s ]
INFO: [ app_begin ] --END-- [ RunTime:0.000000s ]
NOTIC: [2] array_column() expects parameter 1 to be array, null given E:\www\micro_business\App\Admin\Controller\BaseController.class.php 第 21 行.
NOTIC: [2] array_search() expects parameter 2 to be array, null given E:\www\micro_business\App\Admin\Controller\BaseController.class.php 第 23 行.

[ 2015-08-13T18:01:20+08:00 ] 127.0.0.1 /micro_business/index.php/Admin/Login/logout.html
INFO: [ app_init ] --START--
INFO: Run Behavior\BuildLiteBehavior [ RunTime:0.000000s ]
INFO: [ app_init ] --END-- [ RunTime:0.000000s ]
INFO: [ app_begin ] --START--
INFO: Run Behavior\ReadHtmlCacheBehavior [ RunTime:0.000000s ]
INFO: [ app_begin ] --END-- [ RunTime:0.000000s ]
NOTIC: [2] array_column() expects parameter 1 to be array, null given E:\www\micro_business\App\Admin\Controller\BaseController.class.php 第 21 行.
NOTIC: [2] array_search() expects parameter 2 to be array, null given E:\www\micro_business\App\Admin\Controller\BaseController.class.php 第 23 行.

[ 2015-08-13T18:01:20+08:00 ] 127.0.0.1 /micro_business/index.php/Admin/Login/logout.html
INFO: [ app_init ] --START--
INFO: Run Behavior\BuildLiteBehavior [ RunTime:0.000000s ]
INFO: [ app_init ] --END-- [ RunTime:0.000000s ]
INFO: [ app_begin ] --START--
INFO: Run Behavior\ReadHtmlCacheBehavior [ RunTime:0.000000s ]
INFO: [ app_begin ] --END-- [ RunTime:0.000000s ]
NOTIC: [2] array_column() expects parameter 1 to be array, null given E:\www\micro_business\App\Admin\Controller\BaseController.class.php 第 21 行.
NOTIC: [2] array_search() expects parameter 2 to be array, null given E:\www\micro_business\App\Admin\Controller\BaseController.class.php 第 23 行.

[ 2015-08-13T18:01:20+08:00 ] 127.0.0.1 /micro_business/index.php/Admin/Login/logout.html
INFO: [ app_init ] --START--
INFO: Run Behavior\BuildLiteBehavior [ RunTime:0.000000s ]
INFO: [ app_init ] --END-- [ RunTime:0.000000s ]
INFO: [ app_begin ] --START--
INFO: Run Behavior\ReadHtmlCacheBehavior [ RunTime:0.000000s ]
INFO: [ app_begin ] --END-- [ RunTime:0.000000s ]
NOTIC: [2] array_column() expects parameter 1 to be array, null given E:\www\micro_business\App\Admin\Controller\BaseController.class.php 第 21 行.
NOTIC: [2] array_search() expects parameter 2 to be array, null given E:\www\micro_business\App\Admin\Controller\BaseController.class.php 第 23 行.

[ 2015-08-13T18:01:20+08:00 ] 127.0.0.1 /micro_business/index.php/Admin/Login/logout.html
INFO: [ app_init ] --START--
INFO: Run Behavior\BuildLiteBehavior [ RunTime:0.000000s ]
INFO: [ app_init ] --END-- [ RunTime:0.000000s ]
INFO: [ app_begin ] --START--
INFO: Run Behavior\ReadHtmlCacheBehavior [ RunTime:0.000000s ]
INFO: [ app_begin ] --END-- [ RunTime:0.000000s ]
NOTIC: [2] array_column() expects parameter 1 to be array, null given E:\www\micro_business\App\Admin\Controller\BaseController.class.php 第 21 行.
NOTIC: [2] array_search() expects parameter 2 to be array, null given E:\www\micro_business\App\Admin\Controller\BaseController.class.php 第 23 行.

[ 2015-08-13T18:01:20+08:00 ] 127.0.0.1 /micro_business/index.php/Admin/Login/logout.html
INFO: [ app_init ] --START--
INFO: Run Behavior\BuildLiteBehavior [ RunTime:0.000000s ]
INFO: [ app_init ] --END-- [ RunTime:0.000000s ]
INFO: [ app_begin ] --START--
INFO: Run Behavior\ReadHtmlCacheBehavior [ RunTime:0.001000s ]
INFO: [ app_begin ] --END-- [ RunTime:0.001000s ]
NOTIC: [2] array_column() expects parameter 1 to be array, null given E:\www\micro_business\App\Admin\Controller\BaseController.class.php 第 21 行.
NOTIC: [2] array_search() expects parameter 2 to be array, null given E:\www\micro_business\App\Admin\Controller\BaseController.class.php 第 23 行.

[ 2015-08-13T18:01:20+08:00 ] 127.0.0.1 /micro_business/index.php/Admin/Login/logout.html
INFO: [ app_init ] --START--
INFO: Run Behavior\BuildLiteBehavior [ RunTime:0.000000s ]
INFO: [ app_init ] --END-- [ RunTime:0.000000s ]
INFO: [ app_begin ] --START--
INFO: Run Behavior\ReadHtmlCacheBehavior [ RunTime:0.000000s ]
INFO: [ app_begin ] --END-- [ RunTime:0.000000s ]
NOTIC: [2] array_column() expects parameter 1 to be array, null given E:\www\micro_business\App\Admin\Controller\BaseController.class.php 第 21 行.
NOTIC: [2] array_search() expects parameter 2 to be array, null given E:\www\micro_business\App\Admin\Controller\BaseController.class.php 第 23 行.

[ 2015-08-13T18:01:20+08:00 ] 127.0.0.1 /micro_business/index.php/Admin/Login/logout.html
INFO: [ app_init ] --START--
INFO: Run Behavior\BuildLiteBehavior [ RunTime:0.000000s ]
INFO: [ app_init ] --END-- [ RunTime:0.000000s ]
INFO: [ app_begin ] --START--
INFO: Run Behavior\ReadHtmlCacheBehavior [ RunTime:0.000000s ]
INFO: [ app_begin ] --END-- [ RunTime:0.000000s ]
NOTIC: [2] array_column() expects parameter 1 to be array, null given E:\www\micro_business\App\Admin\Controller\BaseController.class.php 第 21 行.
NOTIC: [2] array_search() expects parameter 2 to be array, null given E:\www\micro_business\App\Admin\Controller\BaseController.class.php 第 23 行.

[ 2015-08-13T18:01:20+08:00 ] 127.0.0.1 /micro_business/index.php/Admin/Login/logout.html
INFO: [ app_init ] --START--
INFO: Run Behavior\BuildLiteBehavior [ RunTime:0.000000s ]
INFO: [ app_init ] --END-- [ RunTime:0.000000s ]
INFO: [ app_begin ] --START--
INFO: Run Behavior\ReadHtmlCacheBehavior [ RunTime:0.000000s ]
INFO: [ app_begin ] --END-- [ RunTime:0.001000s ]
NOTIC: [2] array_column() expects parameter 1 to be array, null given E:\www\micro_business\App\Admin\Controller\BaseController.class.php 第 21 行.
NOTIC: [2] array_search() expects parameter 2 to be array, null given E:\www\micro_business\App\Admin\Controller\BaseController.class.php 第 23 行.

[ 2015-08-13T18:01:20+08:00 ] 127.0.0.1 /micro_business/index.php/Admin/Login/logout.html
INFO: [ app_init ] --START--
INFO: Run Behavior\BuildLiteBehavior [ RunTime:0.000000s ]
INFO: [ app_init ] --END-- [ RunTime:0.000000s ]
INFO: [ app_begin ] --START--
INFO: Run Behavior\ReadHtmlCacheBehavior [ RunTime:0.000000s ]
INFO: [ app_begin ] --END-- [ RunTime:0.000000s ]
NOTIC: [2] array_column() expects parameter 1 to be array, null given E:\www\micro_business\App\Admin\Controller\BaseController.class.php 第 21 行.
NOTIC: [2] array_search() expects parameter 2 to be array, null given E:\www\micro_business\App\Admin\Controller\BaseController.class.php 第 23 行.

[ 2015-08-13T18:01:20+08:00 ] 127.0.0.1 /micro_business/index.php/Admin/Login/logout.html
INFO: [ app_init ] --START--
INFO: Run Behavior\BuildLiteBehavior [ RunTime:0.000000s ]
INFO: [ app_init ] --END-- [ RunTime:0.000000s ]
INFO: [ app_begin ] --START--
INFO: Run Behavior\ReadHtmlCacheBehavior [ RunTime:0.000000s ]
INFO: [ app_begin ] --END-- [ RunTime:0.000999s ]
NOTIC: [2] array_column() expects parameter 1 to be array, null given E:\www\micro_business\App\Admin\Controller\BaseController.class.php 第 21 行.
NOTIC: [2] array_search() expects parameter 2 to be array, null given E:\www\micro_business\App\Admin\Controller\BaseController.class.php 第 23 行.

[ 2015-08-13T18:01:21+08:00 ] 127.0.0.1 /micro_business/index.php/Admin/Login/logout.html
INFO: [ app_init ] --START--
INFO: Run Behavior\BuildLiteBehavior [ RunTime:0.000000s ]
INFO: [ app_init ] --END-- [ RunTime:0.000000s ]
INFO: [ app_begin ] --START--
INFO: Run Behavior\ReadHtmlCacheBehavior [ RunTime:0.000000s ]
INFO: [ app_begin ] --END-- [ RunTime:0.000000s ]
NOTIC: [2] array_column() expects parameter 1 to be array, null given E:\www\micro_business\App\Admin\Controller\BaseController.class.php 第 21 行.
NOTIC: [2] array_search() expects parameter 2 to be array, null given E:\www\micro_business\App\Admin\Controller\BaseController.class.php 第 23 行.

[ 2015-08-13T18:01:37+08:00 ] 127.0.0.1 /micro_business/index.php/Admin/Login/logout.html
INFO: [ app_init ] --START--
INFO: Run Behavior\BuildLiteBehavior [ RunTime:0.000000s ]
INFO: [ app_init ] --END-- [ RunTime:0.000999s ]
INFO: [ app_begin ] --START--
INFO: Run Behavior\ReadHtmlCacheBehavior [ RunTime:0.001000s ]
INFO: [ app_begin ] --END-- [ RunTime:0.001000s ]

[ 2015-08-13T18:01:47+08:00 ] 127.0.0.1 /micro_business/Admin
INFO: [ app_init ] --START--
INFO: Run Behavior\BuildLiteBehavior [ RunTime:0.000000s ]
INFO: [ app_init ] --END-- [ RunTime:0.001000s ]
INFO: [ app_begin ] --START--
INFO: Run Behavior\ReadHtmlCacheBehavior [ RunTime:0.000000s ]
INFO: [ app_begin ] --END-- [ RunTime:0.000000s ]
NOTIC: [2] array_column() expects parameter 1 to be array, null given E:\www\micro_business\App\Admin\Controller\BaseController.class.php 第 21 行.
NOTIC: [2] array_search() expects parameter 2 to be array, null given E:\www\micro_business\App\Admin\Controller\BaseController.class.php 第 23 行.

[ 2015-08-13T18:01:47+08:00 ] 127.0.0.1 /micro_business/index.php/Admin/Login/logout.html
INFO: [ app_init ] --START--
INFO: Run Behavior\BuildLiteBehavior [ RunTime:0.000000s ]
INFO: [ app_init ] --END-- [ RunTime:0.001000s ]
INFO: [ app_begin ] --START--
INFO: Run Behavior\ReadHtmlCacheBehavior [ RunTime:0.001000s ]
INFO: [ app_begin ] --END-- [ RunTime:0.001000s ]

[ 2015-08-13T18:01:47+08:00 ] 127.0.0.1 /micro_business/index.php/Admin/Login/login.html
INFO: [ app_init ] --START--
INFO: Run Behavior\BuildLiteBehavior [ RunTime:0.000000s ]
INFO: [ app_init ] --END-- [ RunTime:0.000000s ]
INFO: [ app_begin ] --START--
INFO: Run Behavior\ReadHtmlCacheBehavior [ RunTime:0.000000s ]
INFO: [ app_begin ] --END-- [ RunTime:0.000000s ]
ERR: 模板不存在:./App/Admin/View/Login/login.html

